This is pdfTeX, Version 3.14159265-2.6-1.40.20 (TeX Live 2019/Debian) (preloaded format=pdflatex 2020.8.31)  24 SEP 2020 02:13
entering extended mode
 restricted \write18 enabled.
 %&-line parsing enabled.
**presentation.tex
(./presentation.tex
LaTeX2e <2020-02-02> patch level 2
L3 programming layer <2020-02-14>
(/usr/share/texlive/texmf-dist/tex/latex/beamer/beamer.cls
Document Class: beamer 2019/09/29 v3.57 A class for typesetting presentations
(/usr/share/texlive/texmf-dist/tex/latex/beamer/beamerbasemodes.sty
(/usr/share/texlive/texmf-dist/tex/latex/etoolbox/etoolbox.sty
Package: etoolbox 2019/09/21 v2.5h e-TeX tools for LaTeX (JAW)
\etb@tempcnta=\count167
)
\beamer@tempbox=\box45
\beamer@tempcount=\count168
\c@beamerpauses=\count169

(/usr/share/texlive/texmf-dist/tex/latex/beamer/beamerbasedecode.sty
\beamer@slideinframe=\count170
\beamer@minimum=\count171
\beamer@decode@box=\box46
)
\beamer@commentbox=\box47
\beamer@modecount=\count172
)
(/usr/share/texlive/texmf-dist/tex/generic/iftex/ifpdf.sty
Package: ifpdf 2019/10/25 v3.4 ifpdf legacy package. Use iftex instead.

(/usr/share/texlive/texmf-dist/tex/generic/iftex/iftex.sty
Package: iftex 2019/11/07 v1.0c TeX engine tests
))
\headdp=\dimen134
\footheight=\dimen135
\sidebarheight=\dimen136
\beamer@tempdim=\dimen137
\beamer@finalheight=\dimen138
\beamer@animht=\dimen139
\beamer@animdp=\dimen140
\beamer@animwd=\dimen141
\beamer@leftmargin=\dimen142
\beamer@rightmargin=\dimen143
\beamer@leftsidebar=\dimen144
\beamer@rightsidebar=\dimen145
\beamer@boxsize=\dimen146
\beamer@vboxoffset=\dimen147
\beamer@descdefault=\dimen148
\beamer@descriptionwidth=\dimen149
\beamer@lastskip=\skip47
\beamer@areabox=\box48
\beamer@animcurrent=\box49
\beamer@animshowbox=\box50
\beamer@sectionbox=\box51
\beamer@logobox=\box52
\beamer@linebox=\box53
\beamer@sectioncount=\count173
\beamer@subsubsectionmax=\count174
\beamer@subsectionmax=\count175
\beamer@sectionmax=\count176
\beamer@totalheads=\count177
\beamer@headcounter=\count178
\beamer@partstartpage=\count179
\beamer@sectionstartpage=\count180
\beamer@subsectionstartpage=\count181
\beamer@animationtempa=\count182
\beamer@animationtempb=\count183
\beamer@xpos=\count184
\beamer@ypos=\count185
\beamer@ypos@offset=\count186
\beamer@showpartnumber=\count187
\beamer@currentsubsection=\count188
\beamer@coveringdepth=\count189
\beamer@sectionadjust=\count190
\beamer@tocsectionnumber=\count191

(/usr/share/texlive/texmf-dist/tex/latex/beamer/beamerbaseoptions.sty
(/usr/share/texlive/texmf-dist/tex/latex/graphics/keyval.sty
Package: keyval 2014/10/28 v1.15 key=value parser (DPC)
\KV@toks@=\toks14
))
\beamer@paperwidth=\skip48
\beamer@paperheight=\skip49

(/usr/share/texlive/texmf-dist/tex/latex/geometry/geometry.sty
Package: geometry 2020/01/02 v5.9 Page Geometry

(/usr/share/texlive/texmf-dist/tex/generic/iftex/ifvtex.sty
Package: ifvtex 2019/10/25 v1.7 ifvtex legacy package. Use iftex instead.
)
\Gm@cnth=\count192
\Gm@cntv=\count193
\c@Gm@tempcnt=\count194
\Gm@bindingoffset=\dimen150
\Gm@wd@mp=\dimen151
\Gm@odd@mp=\dimen152
\Gm@even@mp=\dimen153
\Gm@layoutwidth=\dimen154
\Gm@layoutheight=\dimen155
\Gm@layouthoffset=\dimen156
\Gm@layoutvoffset=\dimen157
\Gm@dimlist=\toks15
)

Class beamer Warning: ``serif'' is obsolete. Use font theme ``serif'' instead o
n input line 336.

(/usr/share/texlive/texmf-dist/tex/latex/base/size11.clo
File: size11.clo 2019/12/20 v1.4l Standard LaTeX file (size option)
)
(/usr/share/texlive/texmf-dist/tex/latex/pgf/basiclayer/pgfcore.sty
(/usr/share/texlive/texmf-dist/tex/latex/graphics/graphicx.sty
Package: graphicx 2019/11/30 v1.2a Enhanced LaTeX Graphics (DPC,SPQR)

(/usr/share/texlive/texmf-dist/tex/latex/graphics/graphics.sty
Package: graphics 2019/11/30 v1.4a Standard LaTeX Graphics (DPC,SPQR)

(/usr/share/texlive/texmf-dist/tex/latex/graphics/trig.sty
Package: trig 2016/01/03 v1.10 sin cos tan (DPC)
)
(/usr/share/texlive/texmf-dist/tex/latex/graphics-cfg/graphics.cfg
File: graphics.cfg 2016/06/04 v1.11 sample graphics configuration
)
Package graphics Info: Driver file: pdftex.def on input line 105.

(/usr/share/texlive/texmf-dist/tex/latex/graphics-def/pdftex.def
File: pdftex.def 2018/01/08 v1.0l Graphics/color driver for pdftex
))
\Gin@req@height=\dimen158
\Gin@req@width=\dimen159
)
(/usr/share/texlive/texmf-dist/tex/latex/pgf/systemlayer/pgfsys.sty
(/usr/share/texlive/texmf-dist/tex/latex/pgf/utilities/pgfrcs.sty
(/usr/share/texlive/texmf-dist/tex/generic/pgf/utilities/pgfutil-common.tex
\pgfutil@everybye=\toks16
\pgfutil@tempdima=\dimen160
\pgfutil@tempdimb=\dimen161

(/usr/share/texlive/texmf-dist/tex/generic/pgf/utilities/pgfutil-common-lists.t
ex)) (/usr/share/texlive/texmf-dist/tex/generic/pgf/utilities/pgfutil-latex.def
\pgfutil@abb=\box54
(/usr/share/texlive/texmf-dist/tex/latex/ms/everyshi.sty
Package: everyshi 2001/05/15 v3.00 EveryShipout Package (MS)
))
(/usr/share/texlive/texmf-dist/tex/generic/pgf/utilities/pgfrcs.code.tex
(/usr/share/texlive/texmf-dist/tex/generic/pgf/pgf.revision.tex)
Package: pgfrcs 2020/01/08 v3.1.5b (3.1.5b)
))
(/usr/share/texlive/texmf-dist/tex/generic/pgf/systemlayer/pgfsys.code.tex
Package: pgfsys 2020/01/08 v3.1.5b (3.1.5b)

(/usr/share/texlive/texmf-dist/tex/generic/pgf/utilities/pgfkeys.code.tex
\pgfkeys@pathtoks=\toks17
\pgfkeys@temptoks=\toks18

(/usr/share/texlive/texmf-dist/tex/generic/pgf/utilities/pgfkeysfiltered.code.t
ex
\pgfkeys@tmptoks=\toks19
))
\pgf@x=\dimen162
\pgf@y=\dimen163
\pgf@xa=\dimen164
\pgf@ya=\dimen165
\pgf@xb=\dimen166
\pgf@yb=\dimen167
\pgf@xc=\dimen168
\pgf@yc=\dimen169
\pgf@xd=\dimen170
\pgf@yd=\dimen171
\w@pgf@writea=\write3
\r@pgf@reada=\read2
\c@pgf@counta=\count195
\c@pgf@countb=\count196
\c@pgf@countc=\count197
\c@pgf@countd=\count198
\t@pgf@toka=\toks20
\t@pgf@tokb=\toks21
\t@pgf@tokc=\toks22
\pgf@sys@id@count=\count199
 (/usr/share/texlive/texmf-dist/tex/generic/pgf/systemlayer/pgf.cfg
File: pgf.cfg 2020/01/08 v3.1.5b (3.1.5b)
)
Driver file for pgf: pgfsys-pdftex.def

(/usr/share/texlive/texmf-dist/tex/generic/pgf/systemlayer/pgfsys-pdftex.def
File: pgfsys-pdftex.def 2020/01/08 v3.1.5b (3.1.5b)

(/usr/share/texlive/texmf-dist/tex/generic/pgf/systemlayer/pgfsys-common-pdf.de
f
File: pgfsys-common-pdf.def 2020/01/08 v3.1.5b (3.1.5b)
)))
(/usr/share/texlive/texmf-dist/tex/generic/pgf/systemlayer/pgfsyssoftpath.code.
tex
File: pgfsyssoftpath.code.tex 2020/01/08 v3.1.5b (3.1.5b)
\pgfsyssoftpath@smallbuffer@items=\count266
\pgfsyssoftpath@bigbuffer@items=\count267
)
(/usr/share/texlive/texmf-dist/tex/generic/pgf/systemlayer/pgfsysprotocol.code.
tex
File: pgfsysprotocol.code.tex 2020/01/08 v3.1.5b (3.1.5b)
)) (/usr/share/texlive/texmf-dist/tex/latex/xcolor/xcolor.sty
Package: xcolor 2016/05/11 v2.12 LaTeX color extensions (UK)

(/usr/share/texlive/texmf-dist/tex/latex/graphics-cfg/color.cfg
File: color.cfg 2016/01/02 v1.6 sample color configuration
)
Package xcolor Info: Driver file: pdftex.def on input line 225.
Package xcolor Info: Model `cmy' substituted by `cmy0' on input line 1348.
Package xcolor Info: Model `hsb' substituted by `rgb' on input line 1352.
Package xcolor Info: Model `RGB' extended on input line 1364.
Package xcolor Info: Model `HTML' substituted by `rgb' on input line 1366.
Package xcolor Info: Model `Hsb' substituted by `hsb' on input line 1367.
Package xcolor Info: Model `tHsb' substituted by `hsb' on input line 1368.
Package xcolor Info: Model `HSB' substituted by `hsb' on input line 1369.
Package xcolor Info: Model `Gray' substituted by `gray' on input line 1370.
Package xcolor Info: Model `wave' substituted by `hsb' on input line 1371.
)
(/usr/share/texlive/texmf-dist/tex/generic/pgf/basiclayer/pgfcore.code.tex
Package: pgfcore 2020/01/08 v3.1.5b (3.1.5b)

(/usr/share/texlive/texmf-dist/tex/generic/pgf/math/pgfmath.code.tex
(/usr/share/texlive/texmf-dist/tex/generic/pgf/math/pgfmathcalc.code.tex
(/usr/share/texlive/texmf-dist/tex/generic/pgf/math/pgfmathutil.code.tex)
(/usr/share/texlive/texmf-dist/tex/generic/pgf/math/pgfmathparser.code.tex
\pgfmath@dimen=\dimen172
\pgfmath@count=\count268
\pgfmath@box=\box55
\pgfmath@toks=\toks23
\pgfmath@stack@operand=\toks24
\pgfmath@stack@operation=\toks25
)
(/usr/share/texlive/texmf-dist/tex/generic/pgf/math/pgfmathfunctions.code.tex
(/usr/share/texlive/texmf-dist/tex/generic/pgf/math/pgfmathfunctions.basic.code
.tex)
(/usr/share/texlive/texmf-dist/tex/generic/pgf/math/pgfmathfunctions.trigonomet
ric.code.tex)
(/usr/share/texlive/texmf-dist/tex/generic/pgf/math/pgfmathfunctions.random.cod
e.tex)
(/usr/share/texlive/texmf-dist/tex/generic/pgf/math/pgfmathfunctions.comparison
.code.tex)
(/usr/share/texlive/texmf-dist/tex/generic/pgf/math/pgfmathfunctions.base.code.
tex)
(/usr/share/texlive/texmf-dist/tex/generic/pgf/math/pgfmathfunctions.round.code
.tex)
(/usr/share/texlive/texmf-dist/tex/generic/pgf/math/pgfmathfunctions.misc.code.
tex)
(/usr/share/texlive/texmf-dist/tex/generic/pgf/math/pgfmathfunctions.integerari
thmetics.code.tex)))
(/usr/share/texlive/texmf-dist/tex/generic/pgf/math/pgfmathfloat.code.tex
\c@pgfmathroundto@lastzeros=\count269
))
(/usr/share/texlive/texmf-dist/tex/generic/pgf/math/pgfint.code.tex)
(/usr/share/texlive/texmf-dist/tex/generic/pgf/basiclayer/pgfcorepoints.code.te
x
File: pgfcorepoints.code.tex 2020/01/08 v3.1.5b (3.1.5b)
\pgf@picminx=\dimen173
\pgf@picmaxx=\dimen174
\pgf@picminy=\dimen175
\pgf@picmaxy=\dimen176
\pgf@pathminx=\dimen177
\pgf@pathmaxx=\dimen178
\pgf@pathminy=\dimen179
\pgf@pathmaxy=\dimen180
\pgf@xx=\dimen181
\pgf@xy=\dimen182
\pgf@yx=\dimen183
\pgf@yy=\dimen184
\pgf@zx=\dimen185
\pgf@zy=\dimen186
)
(/usr/share/texlive/texmf-dist/tex/generic/pgf/basiclayer/pgfcorepathconstruct.
code.tex
File: pgfcorepathconstruct.code.tex 2020/01/08 v3.1.5b (3.1.5b)
\pgf@path@lastx=\dimen187
\pgf@path@lasty=\dimen188
)
(/usr/share/texlive/texmf-dist/tex/generic/pgf/basiclayer/pgfcorepathusage.code
.tex
File: pgfcorepathusage.code.tex 2020/01/08 v3.1.5b (3.1.5b)
\pgf@shorten@end@additional=\dimen189
\pgf@shorten@start@additional=\dimen190
)
(/usr/share/texlive/texmf-dist/tex/generic/pgf/basiclayer/pgfcorescopes.code.te
x
File: pgfcorescopes.code.tex 2020/01/08 v3.1.5b (3.1.5b)
\pgfpic=\box56
\pgf@hbox=\box57
\pgf@layerbox@main=\box58
\pgf@picture@serial@count=\count270
)
(/usr/share/texlive/texmf-dist/tex/generic/pgf/basiclayer/pgfcoregraphicstate.c
ode.tex
File: pgfcoregraphicstate.code.tex 2020/01/08 v3.1.5b (3.1.5b)
\pgflinewidth=\dimen191
)
(/usr/share/texlive/texmf-dist/tex/generic/pgf/basiclayer/pgfcoretransformation
s.code.tex
File: pgfcoretransformations.code.tex 2020/01/08 v3.1.5b (3.1.5b)
\pgf@pt@x=\dimen192
\pgf@pt@y=\dimen193
\pgf@pt@temp=\dimen194
)
(/usr/share/texlive/texmf-dist/tex/generic/pgf/basiclayer/pgfcorequick.code.tex
File: pgfcorequick.code.tex 2020/01/08 v3.1.5b (3.1.5b)
)
(/usr/share/texlive/texmf-dist/tex/generic/pgf/basiclayer/pgfcoreobjects.code.t
ex
File: pgfcoreobjects.code.tex 2020/01/08 v3.1.5b (3.1.5b)
)
(/usr/share/texlive/texmf-dist/tex/generic/pgf/basiclayer/pgfcorepathprocessing
.code.tex
File: pgfcorepathprocessing.code.tex 2020/01/08 v3.1.5b (3.1.5b)
)
(/usr/share/texlive/texmf-dist/tex/generic/pgf/basiclayer/pgfcorearrows.code.te
x
File: pgfcorearrows.code.tex 2020/01/08 v3.1.5b (3.1.5b)
\pgfarrowsep=\dimen195
)
(/usr/share/texlive/texmf-dist/tex/generic/pgf/basiclayer/pgfcoreshade.code.tex
File: pgfcoreshade.code.tex 2020/01/08 v3.1.5b (3.1.5b)
\pgf@max=\dimen196
\pgf@sys@shading@range@num=\count271
\pgf@shadingcount=\count272
)
(/usr/share/texlive/texmf-dist/tex/generic/pgf/basiclayer/pgfcoreimage.code.tex
File: pgfcoreimage.code.tex 2020/01/08 v3.1.5b (3.1.5b)

(/usr/share/texlive/texmf-dist/tex/generic/pgf/basiclayer/pgfcoreexternal.code.
tex
File: pgfcoreexternal.code.tex 2020/01/08 v3.1.5b (3.1.5b)
\pgfexternal@startupbox=\box59
))
(/usr/share/texlive/texmf-dist/tex/generic/pgf/basiclayer/pgfcorelayers.code.te
x
File: pgfcorelayers.code.tex 2020/01/08 v3.1.5b (3.1.5b)
)
(/usr/share/texlive/texmf-dist/tex/generic/pgf/basiclayer/pgfcoretransparency.c
ode.tex
File: pgfcoretransparency.code.tex 2020/01/08 v3.1.5b (3.1.5b)
)
(/usr/share/texlive/texmf-dist/tex/generic/pgf/basiclayer/pgfcorepatterns.code.
tex
File: pgfcorepatterns.code.tex 2020/01/08 v3.1.5b (3.1.5b)
)
(/usr/share/texlive/texmf-dist/tex/generic/pgf/basiclayer/pgfcorerdf.code.tex
File: pgfcorerdf.code.tex 2020/01/08 v3.1.5b (3.1.5b)
))) (/usr/share/texlive/texmf-dist/tex/latex/pgf/utilities/xxcolor.sty
Package: xxcolor 2003/10/24 ver 0.1
\XC@nummixins=\count273
\XC@countmixins=\count274
)
(/usr/share/texlive/texmf-dist/tex/generic/atbegshi/atbegshi.sty
Package: atbegshi 2019/12/05 v1.19 At begin shipout hook (HO)

(/usr/share/texlive/texmf-dist/tex/generic/infwarerr/infwarerr.sty
Package: infwarerr 2019/12/03 v1.5 Providing info/warning/error messages (HO)
)
(/usr/share/texlive/texmf-dist/tex/generic/ltxcmds/ltxcmds.sty
Package: ltxcmds 2019/12/15 v1.24 LaTeX kernel commands for general use (HO)
))
(/usr/share/texlive/texmf-dist/tex/latex/hyperref/hyperref.sty
Package: hyperref 2020/01/14 v7.00d Hypertext links for LaTeX

(/usr/share/texlive/texmf-dist/tex/latex/pdftexcmds/pdftexcmds.sty
Package: pdftexcmds 2019/11/24 v0.31 Utility functions of pdfTeX for LuaTeX (HO
)
Package pdftexcmds Info: \pdf@primitive is available.
Package pdftexcmds Info: \pdf@ifprimitive is available.
Package pdftexcmds Info: \pdfdraftmode found.
)
(/usr/share/texlive/texmf-dist/tex/generic/kvsetkeys/kvsetkeys.sty
Package: kvsetkeys 2019/12/15 v1.18 Key value parser (HO)
)
(/usr/share/texlive/texmf-dist/tex/generic/kvdefinekeys/kvdefinekeys.sty
Package: kvdefinekeys 2019-12-19 v1.6 Define keys (HO)
)
(/usr/share/texlive/texmf-dist/tex/generic/pdfescape/pdfescape.sty
Package: pdfescape 2019/12/09 v1.15 Implements pdfTeX's escape features (HO)
)
(/usr/share/texlive/texmf-dist/tex/latex/hycolor/hycolor.sty
Package: hycolor 2020-01-27 v1.10 Color options for hyperref/bookmark (HO)
)
(/usr/share/texlive/texmf-dist/tex/latex/letltxmacro/letltxmacro.sty
Package: letltxmacro 2019/12/03 v1.6 Let assignment for LaTeX macros (HO)
)
(/usr/share/texlive/texmf-dist/tex/latex/auxhook/auxhook.sty
Package: auxhook 2019-12-17 v1.6 Hooks for auxiliary files (HO)
)
(/usr/share/texlive/texmf-dist/tex/latex/kvoptions/kvoptions.sty
Package: kvoptions 2019/11/29 v3.13 Key value format for package options (HO)
)
\@linkdim=\dimen197
\Hy@linkcounter=\count275
\Hy@pagecounter=\count276

(/usr/share/texlive/texmf-dist/tex/latex/hyperref/pd1enc.def
File: pd1enc.def 2020/01/14 v7.00d Hyperref: PDFDocEncoding definition (HO)
Now handling font encoding PD1 ...
... no UTF-8 mapping file for font encoding PD1
)
(/usr/share/texlive/texmf-dist/tex/generic/intcalc/intcalc.sty
Package: intcalc 2019/12/15 v1.3 Expandable calculations with integers (HO)
)
(/usr/share/texlive/texmf-dist/tex/generic/etexcmds/etexcmds.sty
Package: etexcmds 2019/12/15 v1.7 Avoid name clashes with e-TeX commands (HO)
)
\Hy@SavedSpaceFactor=\count277
\pdfmajorversion=\count278
Package hyperref Info: Option `bookmarks' set `true' on input line 4421.
Package hyperref Info: Option `bookmarksopen' set `true' on input line 4421.
Package hyperref Info: Option `implicit' set `false' on input line 4421.
Package hyperref Info: Hyper figures OFF on input line 4547.
Package hyperref Info: Link nesting OFF on input line 4552.
Package hyperref Info: Hyper index ON on input line 4555.
Package hyperref Info: Plain pages OFF on input line 4562.
Package hyperref Info: Backreferencing OFF on input line 4567.
Package hyperref Info: Implicit mode OFF; no redefinition of LaTeX internals.
Package hyperref Info: Bookmarks ON on input line 4800.
\c@Hy@tempcnt=\count279

(/usr/share/texlive/texmf-dist/tex/latex/url/url.sty
\Urlmuskip=\muskip16
Package: url 2013/09/16  ver 3.4  Verb mode for urls, etc.
)
LaTeX Info: Redefining \url on input line 5159.
\XeTeXLinkMargin=\dimen198

(/usr/share/texlive/texmf-dist/tex/generic/bitset/bitset.sty
Package: bitset 2019/12/09 v1.3 Handle bit-vector datatype (HO)

(/usr/share/texlive/texmf-dist/tex/generic/bigintcalc/bigintcalc.sty
Package: bigintcalc 2019/12/15 v1.5 Expandable calculations on big integers (HO
)
))
\Fld@menulength=\count280
\Field@Width=\dimen199
\Fld@charsize=\dimen256
Package hyperref Info: Hyper figures OFF on input line 6430.
Package hyperref Info: Link nesting OFF on input line 6435.
Package hyperref Info: Hyper index ON on input line 6438.
Package hyperref Info: backreferencing OFF on input line 6445.
Package hyperref Info: Link coloring OFF on input line 6450.
Package hyperref Info: Link coloring with OCG OFF on input line 6455.
Package hyperref Info: PDF/A mode OFF on input line 6460.
LaTeX Info: Redefining \ref on input line 6500.
LaTeX Info: Redefining \pageref on input line 6504.
\Hy@abspage=\count281


Package hyperref Message: Stopped early.

)
Package hyperref Info: Driver (autodetected): hpdftex.
 (/usr/share/texlive/texmf-dist/tex/latex/hyperref/hpdftex.def
File: hpdftex.def 2020/01/14 v7.00d Hyperref driver for pdfTeX

(/usr/share/texlive/texmf-dist/tex/latex/atveryend/atveryend.sty
Package: atveryend 2019-12-11 v1.11 Hooks at the very end of document (HO)
)
\Fld@listcount=\count282
\c@bookmark@seq@number=\count283

(/usr/share/texlive/texmf-dist/tex/latex/rerunfilecheck/rerunfilecheck.sty
Package: rerunfilecheck 2019/12/05 v1.9 Rerun checks for auxiliary files (HO)

(/usr/share/texlive/texmf-dist/tex/generic/uniquecounter/uniquecounter.sty
Package: uniquecounter 2019/12/15 v1.4 Provide unlimited unique counter (HO)
)
Package uniquecounter Info: New unique counter `rerunfilecheck' on input line 2
86.
))
(/usr/share/texlive/texmf-dist/tex/latex/beamer/beamerbaserequires.sty
(/usr/share/texlive/texmf-dist/tex/latex/beamer/beamerbasecompatibility.sty)
(/usr/share/texlive/texmf-dist/tex/latex/beamer/beamerbasefont.sty
(/usr/share/texlive/texmf-dist/tex/latex/amsfonts/amssymb.sty
Package: amssymb 2013/01/14 v3.01 AMS font symbols

(/usr/share/texlive/texmf-dist/tex/latex/amsfonts/amsfonts.sty
Package: amsfonts 2013/01/14 v3.01 Basic AMSFonts support
\@emptytoks=\toks26
\symAMSa=\mathgroup4
\symAMSb=\mathgroup5
LaTeX Font Info:    Redeclaring math symbol \hbar on input line 98.
LaTeX Font Info:    Overwriting math alphabet `\mathfrak' in version `bold'
(Font)                  U/euf/m/n --> U/euf/b/n on input line 106.
)))
(/usr/share/texlive/texmf-dist/tex/latex/beamer/beamerbasetranslator.sty
(/usr/share/texlive/texmf-dist/tex/latex/translator/translator.sty
Package: translator 2019-05-31 v1.12a Easy translation of strings in LaTeX
))
(/usr/share/texlive/texmf-dist/tex/latex/beamer/beamerbasemisc.sty)
(/usr/share/texlive/texmf-dist/tex/latex/beamer/beamerbasetwoscreens.sty)
(/usr/share/texlive/texmf-dist/tex/latex/beamer/beamerbaseoverlay.sty
\beamer@argscount=\count284
\beamer@lastskipcover=\skip50
\beamer@trivlistdepth=\count285
)
(/usr/share/texlive/texmf-dist/tex/latex/beamer/beamerbasetitle.sty)
(/usr/share/texlive/texmf-dist/tex/latex/beamer/beamerbasesection.sty
\c@lecture=\count286
\c@part=\count287
\c@section=\count288
\c@subsection=\count289
\c@subsubsection=\count290
)
(/usr/share/texlive/texmf-dist/tex/latex/beamer/beamerbaseframe.sty
\beamer@framebox=\box60
\beamer@frametitlebox=\box61
\beamer@zoombox=\box62
\beamer@zoomcount=\count291
\beamer@zoomframecount=\count292
\beamer@frametextheight=\dimen257
\c@subsectionslide=\count293
\beamer@frametopskip=\skip51
\beamer@framebottomskip=\skip52
\beamer@frametopskipautobreak=\skip53
\beamer@framebottomskipautobreak=\skip54
\beamer@envbody=\toks27
\framewidth=\dimen258
\c@framenumber=\count294
)
(/usr/share/texlive/texmf-dist/tex/latex/beamer/beamerbaseverbatim.sty
\beamer@verbatimfileout=\write4
)
(/usr/share/texlive/texmf-dist/tex/latex/beamer/beamerbaseframesize.sty
\beamer@splitbox=\box63
\beamer@autobreakcount=\count295
\beamer@autobreaklastheight=\dimen259
\beamer@frametitletoks=\toks28
\beamer@framesubtitletoks=\toks29
)
(/usr/share/texlive/texmf-dist/tex/latex/beamer/beamerbaseframecomponents.sty
\beamer@footins=\box64
)
(/usr/share/texlive/texmf-dist/tex/latex/beamer/beamerbasecolor.sty)
(/usr/share/texlive/texmf-dist/tex/latex/beamer/beamerbasenotes.sty
\beamer@frameboxcopy=\box65
)
(/usr/share/texlive/texmf-dist/tex/latex/beamer/beamerbasetoc.sty)
(/usr/share/texlive/texmf-dist/tex/latex/beamer/beamerbasetemplates.sty
\beamer@sbttoks=\toks30

(/usr/share/texlive/texmf-dist/tex/latex/beamer/beamerbaseauxtemplates.sty
(/usr/share/texlive/texmf-dist/tex/latex/beamer/beamerbaseboxes.sty
\bmb@box=\box66
\bmb@colorbox=\box67
\bmb@boxshadow=\box68
\bmb@boxshadowball=\box69
\bmb@boxshadowballlarge=\box70
\bmb@temp=\dimen260
\bmb@dima=\dimen261
\bmb@dimb=\dimen262
\bmb@prevheight=\dimen263
)
\beamer@blockheadheight=\dimen264
))
(/usr/share/texlive/texmf-dist/tex/latex/beamer/beamerbaselocalstructure.sty
(/usr/share/texlive/texmf-dist/tex/latex/tools/enumerate.sty
Package: enumerate 2015/07/23 v3.00 enumerate extensions (DPC)
\@enLab=\toks31
)
\c@figure=\count296
\c@table=\count297
\abovecaptionskip=\skip55
\belowcaptionskip=\skip56
)
(/usr/share/texlive/texmf-dist/tex/latex/beamer/beamerbasenavigation.sty
\beamer@section@min@dim=\dimen265
)
(/usr/share/texlive/texmf-dist/tex/latex/beamer/beamerbasetheorems.sty
(/usr/share/texlive/texmf-dist/tex/latex/amsmath/amsmath.sty
Package: amsmath 2020/01/20 v2.17e AMS math features
\@mathmargin=\skip57

For additional information on amsmath, use the `?' option.
(/usr/share/texlive/texmf-dist/tex/latex/amsmath/amstext.sty
Package: amstext 2000/06/29 v2.01 AMS text

(/usr/share/texlive/texmf-dist/tex/latex/amsmath/amsgen.sty
File: amsgen.sty 1999/11/30 v2.0 generic functions
\@emptytoks=\toks32
\ex@=\dimen266
))
(/usr/share/texlive/texmf-dist/tex/latex/amsmath/amsbsy.sty
Package: amsbsy 1999/11/29 v1.2d Bold Symbols
\pmbraise@=\dimen267
)
(/usr/share/texlive/texmf-dist/tex/latex/amsmath/amsopn.sty
Package: amsopn 2016/03/08 v2.02 operator names
)
\inf@bad=\count298
LaTeX Info: Redefining \frac on input line 227.
\uproot@=\count299
\leftroot@=\count300
LaTeX Info: Redefining \overline on input line 389.
\classnum@=\count301
\DOTSCASE@=\count302
LaTeX Info: Redefining \ldots on input line 486.
LaTeX Info: Redefining \dots on input line 489.
LaTeX Info: Redefining \cdots on input line 610.
\Mathstrutbox@=\box71
\strutbox@=\box72
\big@size=\dimen268
LaTeX Font Info:    Redeclaring font encoding OML on input line 733.
LaTeX Font Info:    Redeclaring font encoding OMS on input line 734.
\macc@depth=\count303
\c@MaxMatrixCols=\count304
\dotsspace@=\muskip17
\c@parentequation=\count305
\dspbrk@lvl=\count306
\tag@help=\toks33
\row@=\count307
\column@=\count308
\maxfields@=\count309
\andhelp@=\toks34
\eqnshift@=\dimen269
\alignsep@=\dimen270
\tagshift@=\dimen271
\tagwidth@=\dimen272
\totwidth@=\dimen273
\lineht@=\dimen274
\@envbody=\toks35
\multlinegap=\skip58
\multlinetaggap=\skip59
\mathdisplay@stack=\toks36
LaTeX Info: Redefining \[ on input line 2859.
LaTeX Info: Redefining \] on input line 2860.
)
(/usr/share/texlive/texmf-dist/tex/latex/amscls/amsthm.sty
Package: amsthm 2017/10/31 v2.20.4
\thm@style=\toks37
\thm@bodyfont=\toks38
\thm@headfont=\toks39
\thm@notefont=\toks40
\thm@headpunct=\toks41
\thm@preskip=\skip60
\thm@postskip=\skip61
\thm@headsep=\skip62
\dth@everypar=\toks42
)
\c@theorem=\count310
)
(/usr/share/texlive/texmf-dist/tex/latex/beamer/beamerbasethemes.sty))
(/usr/share/texlive/texmf-dist/tex/latex/beamer/beamerthemedefault.sty
(/usr/share/texlive/texmf-dist/tex/latex/beamer/beamerfontthemedefault.sty)
(/usr/share/texlive/texmf-dist/tex/latex/beamer/beamercolorthemedefault.sty)
(/usr/share/texlive/texmf-dist/tex/latex/beamer/beamerinnerthemedefault.sty
\beamer@dima=\dimen275
\beamer@dimb=\dimen276
)
(/usr/share/texlive/texmf-dist/tex/latex/beamer/beamerouterthemedefault.sty)))
(/usr/share/texlive/texmf-dist/tex/latex/beamer/beamerthemeWarsaw.sty
(/usr/share/texlive/texmf-dist/tex/latex/beamer/beamerinnerthemerounded.sty)
(/usr/share/texlive/texmf-dist/tex/latex/beamer/beamerouterthemeshadow.sty
(/usr/share/texlive/texmf-dist/tex/latex/beamer/beamerouterthemesplit.sty))
(/usr/share/texlive/texmf-dist/tex/latex/beamer/beamercolorthemeorchid.sty)
(/usr/share/texlive/texmf-dist/tex/latex/beamer/beamercolorthemewhale.sty))
(/usr/share/texlive/texmf-dist/tex/latex/algorithm2e/algorithm2e.sty
Package: algorithm2e 2017/07/18 v5.2 algorithms environments
\c@AlgoLine=\count311

(/usr/share/texlive/texmf-dist/tex/latex/base/ifthen.sty
Package: ifthen 2014/09/29 v1.1c Standard LaTeX ifthen package (DPC)
)
\algocf@hangindent=\skip63

(/usr/share/texlive/texmf-dist/tex/latex/ifoddpage/ifoddpage.sty
Package: ifoddpage 2016/04/23 v1.1 Conditionals for odd/even page detection
\c@checkoddpage=\count312
)
(/usr/share/texlive/texmf-dist/tex/latex/tools/xspace.sty
Package: xspace 2014/10/28 v1.13 Space after command names (DPC,MH)
)
(/usr/share/texlive/texmf-dist/tex/latex/relsize/relsize.sty
Package: relsize 2013/03/29 ver 4.1
)
\skiptotal=\skip64
\skiplinenumber=\skip65
\skiprule=\skip66
\skiphlne=\skip67
\skiptext=\skip68
\skiplength=\skip69
\algomargin=\skip70
\skipalgocfslide=\skip71
\algowidth=\dimen277
\inoutsize=\dimen278
\inoutindent=\dimen279
\interspacetitleruled=\dimen280
\interspacealgoruled=\dimen281
\interspacetitleboxruled=\dimen282
\algocf@ruledwidth=\skip72
\algocf@inoutbox=\box73
\algocf@inputbox=\box74
\AlCapSkip=\skip73
\AlCapHSkip=\skip74
\algoskipindent=\skip75
\algocf@nlbox=\box75
\algocf@hangingbox=\box76
\algocf@untilbox=\box77
\algocf@skipuntil=\skip76
\algocf@capbox=\box78
\algocf@lcaptionbox=\skip77
\algoheightruledefault=\skip78
\algoheightrule=\skip79
\algotitleheightruledefault=\skip80
\algotitleheightrule=\skip81
\c@algocfline=\count313
\c@algocfproc=\count314
\c@algocf=\count315
\algocf@algoframe=\box79
\algocf@algobox=\box80
)
(/usr/share/texlive/texmf-dist/tex/latex/graphics/epsfig.sty
Package: epsfig 2017/06/25 v1.7b (e)psfig emulation (SPQR)
\epsfxsize=\dimen283
\epsfysize=\dimen284
)
(/usr/share/texlive/texmf-dist/tex/latex/subfigure/subfigure.sty
Package: subfigure 2002/03/15 v2.1.5 subfigure package
\subfigtopskip=\skip82
\subfigcapskip=\skip83
\subfigcaptopadj=\dimen285
\subfigbottomskip=\skip84
\subfigcapmargin=\dimen286
\subfiglabelskip=\skip85
\c@subfigure=\count316
\c@lofdepth=\count317
\c@subtable=\count318
\c@lotdepth=\count319

****************************************
* Local config file subfigure.cfg used *
****************************************
(/usr/share/texlive/texmf-dist/tex/latex/subfigure/subfigure.cfg)
\subfig@top=\skip86
\subfig@bottom=\skip87
)
(/usr/share/texlive/texmf-dist/tex/latex/multirow/multirow.sty
Package: multirow 2019/05/31 v2.5 Span multiple rows of a table
\multirow@colwidth=\skip88
\multirow@cntb=\count320
\multirow@dima=\skip89
\bigstrutjot=\dimen287
)
(/usr/share/texlive/texmf-dist/tex/latex/algorithms/algorithmic.sty
Package: algorithmic 2009/08/24 v0.1 Document Style `algorithmic'
\c@ALC@unique=\count321
\c@ALC@line=\count322
\c@ALC@rem=\count323
\c@ALC@depth=\count324
\ALC@tlm=\skip90
\algorithmicindent=\skip91
)
(/usr/share/texlive/texmf-dist/tex/latex/amsmath/amscd.sty
Package: amscd 2017/04/14 v2.1 AMS Commutative Diagrams
\athelp@=\toks43
\minaw@=\dimen288
\bigaw@=\dimen289
\minCDarrowwidth=\dimen290
)
(/usr/share/texlive/texmf-dist/tex/latex/appendix/appendix.sty
Package: appendix 2020/02/08 v1.2c extra appendix facilities
\c@@pps=\count325
\c@@ppsavesec=\count326
\c@@ppsaveapp=\count327
)
(/usr/share/texlive/texmf-dist/tex/latex/amsfonts/eucal.sty
Package: eucal 2009/06/22 v3.00 Euler Script fonts
LaTeX Font Info:    Overwriting math alphabet `\EuScript' in version `bold'
(Font)                  U/eus/m/n --> U/eus/b/n on input line 33.
)
(/usr/share/texlive/texmf-dist/tex/latex/fancyhdr/fancyhdr.sty
Package: fancyhdr 2019/01/31 v3.10 Extensive control of page headers and footer
s
\f@nch@headwidth=\skip92
\f@nch@O@elh=\skip93
\f@nch@O@erh=\skip94
\f@nch@O@olh=\skip95
\f@nch@O@orh=\skip96
\f@nch@O@elf=\skip97
\f@nch@O@erf=\skip98
\f@nch@O@olf=\skip99
\f@nch@O@orf=\skip100
)
(/usr/share/texlive/texmf-dist/tex/latex/supertabular/supertabular.sty
Package: supertabular 2020/02/02 v4.1g the supertabular environment
\c@tracingst=\count328
\ST@wd=\dimen291
\ST@rightskip=\skip101
\ST@leftskip=\skip102
\ST@parfillskip=\skip103
\ST@pageleft=\dimen292
\ST@headht=\dimen293
\ST@tailht=\dimen294
\ST@pagesofar=\dimen295
\ST@pboxht=\dimen296
\ST@lineht=\dimen297
\ST@prevht=\dimen298
\ST@toadd=\dimen299
\ST@dimen=\dimen300
\ST@pbox=\box81
)
(/usr/share/texlive/texmf-dist/tex/latex/fancybox/fancybox.sty
Package: fancybox 2010/05/15 1.4

Style option: `fancybox' v1.4 <2010/05/15> (tvz)
\@fancybox=\box82
\shadowsize=\dimen301
\@Sbox=\box83
\do@VerbBox=\toks44
\the@fancyput=\toks45
\this@fancyput=\toks46
\EndVerbatimTokens=\toks47
\Verbatim@Outfile=\write5
\Verbatim@Infile=\read3
) (/usr/share/texlive/texmf-dist/tex/latex/tools/array.sty
Package: array 2019/08/31 v2.4l Tabular extension package (FMi)
\col@sep=\dimen302
\ar@mcellbox=\box84
\extrarowheight=\dimen303
\NC@list=\toks48
\extratabsurround=\skip104
\backup@length=\skip105
\ar@cellbox=\box85
)
(/usr/share/texlive/texmf-dist/tex/latex/booktabs/booktabs.sty
Package: booktabs 2020/01/12 v1.61803398 Publication quality tables
\heavyrulewidth=\dimen304
\lightrulewidth=\dimen305
\cmidrulewidth=\dimen306
\belowrulesep=\dimen307
\belowbottomsep=\dimen308
\aboverulesep=\dimen309
\abovetopsep=\dimen310
\cmidrulesep=\dimen311
\cmidrulekern=\dimen312
\defaultaddspace=\dimen313
\@cmidla=\count329
\@cmidlb=\count330
\@aboverulesep=\dimen314
\@belowrulesep=\dimen315
\@thisruleclass=\count331
\@lastruleclass=\count332
\@thisrulewidth=\dimen316
)
(/usr/share/texlive/texmf-dist/tex/latex/soul/soul.sty
Package: soul 2003/11/17 v2.4 letterspacing/underlining (mf)
\SOUL@word=\toks49
\SOUL@lasttoken=\toks50
\SOUL@cmds=\toks51
\SOUL@buffer=\toks52
\SOUL@token=\toks53
\SOUL@spaceskip=\skip106
\SOUL@ttwidth=\dimen317
\SOUL@uldp=\dimen318
\SOUL@ulht=\dimen319
)
(/usr/share/texlive/texmf-dist/tex/latex/eepic/epic.sty
Enhancements to Picture Environment. Version 1.2 - Released June 1, 1986
\@@multicnt=\count333
\d@lta=\count334
\@delta=\dimen320
\@@delta=\dimen321
\@gridcnt=\count335
\@joinkind=\count336
\@dotgap=\dimen322
\@ddotgap=\dimen323
\@x@diff=\count337
\@y@diff=\count338
\x@diff=\dimen324
\y@diff=\dimen325
\@dotbox=\box86
\num@segments=\count339
\num@segmentsi=\count340
\@datafile=\read4
) (/usr/share/texlive/texmf-dist/tex/latex/float/float.sty
Package: float 2001/11/08 v1.3d Float enhancements (AL)
\c@float@type=\count341
\float@exts=\toks54
\float@box=\box87
\@float@everytoks=\toks55
\@floatcapt=\box88
)
(/usr/share/texlive/texmf-dist/tex/latex/l3backend/l3backend-pdfmode.def
File: l3backend-pdfmode.def 2020-02-03 L3 backend support: PDF mode
\l__kernel_color_stack_int=\count342
\l__pdf_internal_box=\box89
)
(./presentation.aux)
\openout1 = `presentation.aux'.

LaTeX Font Info:    Checking defaults for OML/cmm/m/it on input line 63.
LaTeX Font Info:    ... okay on input line 63.
LaTeX Font Info:    Checking defaults for OMS/cmsy/m/n on input line 63.
LaTeX Font Info:    ... okay on input line 63.
LaTeX Font Info:    Checking defaults for OT1/cmr/m/n on input line 63.
LaTeX Font Info:    ... okay on input line 63.
LaTeX Font Info:    Checking defaults for T1/cmr/m/n on input line 63.
LaTeX Font Info:    ... okay on input line 63.
LaTeX Font Info:    Checking defaults for TS1/cmr/m/n on input line 63.
LaTeX Font Info:    ... okay on input line 63.
LaTeX Font Info:    Checking defaults for OMX/cmex/m/n on input line 63.
LaTeX Font Info:    ... okay on input line 63.
LaTeX Font Info:    Checking defaults for U/cmr/m/n on input line 63.
LaTeX Font Info:    ... okay on input line 63.
LaTeX Font Info:    Checking defaults for PD1/pdf/m/n on input line 63.
LaTeX Font Info:    ... okay on input line 63.

*geometry* driver: auto-detecting
*geometry* detected driver: pdftex
*geometry* verbose mode - [ preamble ] result:
* driver: pdftex
* paper: custom
* layout: <same size as paper>
* layoutoffset:(h,v)=(0.0pt,0.0pt)
* modes: includehead includefoot 
* h-part:(L,W,R)=(28.45274pt, 307.28987pt, 28.45274pt)
* v-part:(T,H,B)=(0.0pt, 273.14662pt, 0.0pt)
* \paperwidth=364.19536pt
* \paperheight=273.14662pt
* \textwidth=307.28987pt
* \textheight=244.6939pt
* \oddsidemargin=-43.81725pt
* \evensidemargin=-43.81725pt
* \topmargin=-72.26999pt
* \headheight=14.22636pt
* \headsep=0.0pt
* \topskip=11.0pt
* \footskip=14.22636pt
* \marginparwidth=4.0pt
* \marginparsep=10.0pt
* \columnsep=10.0pt
* \skip\footins=10.0pt plus 4.0pt minus 2.0pt
* \hoffset=0.0pt
* \voffset=0.0pt
* \mag=1000
* \@twocolumnfalse
* \@twosidefalse
* \@mparswitchfalse
* \@reversemarginfalse
* (1in=72.27pt=25.4mm, 1cm=28.453pt)

(/usr/share/texlive/texmf-dist/tex/context/base/mkii/supp-pdf.mkii
[Loading MPS to PDF converter (version 2006.09.02).]
\scratchcounter=\count343
\scratchdimen=\dimen326
\scratchbox=\box90
\nofMPsegments=\count344
\nofMParguments=\count345
\everyMPshowfont=\toks56
\MPscratchCnt=\count346
\MPscratchDim=\dimen327
\MPnumerator=\count347
\makeMPintoPDFobject=\count348
\everyMPtoPDFconversion=\toks57
) (/usr/share/texlive/texmf-dist/tex/latex/epstopdf-pkg/epstopdf-base.sty
Package: epstopdf-base 2020-01-24 v2.11 Base part for package epstopdf
Package epstopdf-base Info: Redefining graphics rule for `.eps' on input line 4
85.

(/usr/share/texlive/texmf-dist/tex/latex/latexconfig/epstopdf-sys.cfg
File: epstopdf-sys.cfg 2010/07/13 v1.3 Configuration of (r)epstopdf for TeX Liv
e
))
ABD: EveryShipout initializing macros
\AtBeginShipoutBox=\box91
Package hyperref Info: Link coloring OFF on input line 63.

(/usr/share/texlive/texmf-dist/tex/latex/hyperref/nameref.sty
Package: nameref 2019/09/16 v2.46 Cross-referencing by name of section

(/usr/share/texlive/texmf-dist/tex/latex/refcount/refcount.sty
Package: refcount 2019/12/15 v3.6 Data extraction from label references (HO)
)
(/usr/share/texlive/texmf-dist/tex/generic/gettitlestring/gettitlestring.sty
Package: gettitlestring 2019/12/15 v1.6 Cleanup title references (HO)
)
\c@section@level=\count349
)
LaTeX Info: Redefining \ref on input line 63.
LaTeX Info: Redefining \pageref on input line 63.
LaTeX Info: Redefining \nameref on input line 63.

(./presentation.out) (./presentation.out)
\@outlinefile=\write6
\openout6 = `presentation.out'.


(/usr/share/texlive/texmf-dist/tex/latex/translator/translator-basic-dictionary
-English.dict
Dictionary: translator-basic-dictionary, Language: English 
)
(/usr/share/texlive/texmf-dist/tex/latex/translator/translator-bibliography-dic
tionary-English.dict
Dictionary: translator-bibliography-dictionary, Language: English 
)
(/usr/share/texlive/texmf-dist/tex/latex/translator/translator-environment-dict
ionary-English.dict
Dictionary: translator-environment-dictionary, Language: English 
)
(/usr/share/texlive/texmf-dist/tex/latex/translator/translator-months-dictionar
y-English.dict
Dictionary: translator-months-dictionary, Language: English 
)
(/usr/share/texlive/texmf-dist/tex/latex/translator/translator-numbers-dictiona
ry-English.dict
Dictionary: translator-numbers-dictionary, Language: English 
)
(/usr/share/texlive/texmf-dist/tex/latex/translator/translator-theorem-dictiona
ry-English.dict
Dictionary: translator-theorem-dictionary, Language: English 
) (./presentation.nav)
LaTeX Font Info:    Trying to load font information for U+msa on input line 63.


(/usr/share/texlive/texmf-dist/tex/latex/amsfonts/umsa.fd
File: umsa.fd 2013/01/14 v3.01 AMS symbols A
)
LaTeX Font Info:    Trying to load font information for U+msb on input line 63.


(/usr/share/texlive/texmf-dist/tex/latex/amsfonts/umsb.fd
File: umsb.fd 2013/01/14 v3.01 AMS symbols B
)
Overfull \hbox (2.1517pt too wide) in paragraph at lines 63--63
 [][]  
 []


Overfull \hbox (16.53671pt too wide) in paragraph at lines 63--63
 [][][][] []  
 []

<files/logo.png, id=16, 345.54094pt x 335.75438pt>
File: files/logo.png Graphic file (type png)
<use files/logo.png>
Package pdftex.def Info: files/logo.png  used on input line 72.
(pdftex.def)             Requested size: 44.92189pt x 43.6496pt.

Overfull \vbox (13.17859pt too high) detected at line 72
 []


Overfull \hbox (2.1517pt too wide) has occurred while \output is active
 [][]  
 []


Overfull \hbox (16.53671pt too wide) has occurred while \output is active
 [][][][] []  
 []

[1

{/var/lib/texmf/fonts/map/pdftex/updmap/pdftex.map} <./files/logo.png (PNG copy
)>] (./files/chapters/0-Contenido.tex
Overfull \hbox (2.1517pt too wide) has occurred while \output is active
 [][]  
 []


Overfull \hbox (16.53671pt too wide) has occurred while \output is active
 [][][][] []  
 []

[2

]
Overfull \hbox (2.1517pt too wide) has occurred while \output is active
 [][]  
 []


Overfull \hbox (16.53671pt too wide) has occurred while \output is active
 [][][][] []  
 []

[3

]
Overfull \hbox (2.1517pt too wide) has occurred while \output is active
 [][]  
 []


Overfull \hbox (16.53671pt too wide) has occurred while \output is active
 [][][][] []  
 []

[4

]
Overfull \hbox (2.1517pt too wide) has occurred while \output is active
 [][]  
 []


Overfull \hbox (16.53671pt too wide) has occurred while \output is active
 [][][][] []  
 []

[5

]
Overfull \hbox (2.1517pt too wide) has occurred while \output is active
 [][]  
 []


Overfull \hbox (16.53671pt too wide) has occurred while \output is active
 [][][][] []  
 []

[6

]
Overfull \hbox (2.1517pt too wide) has occurred while \output is active
 [][]  
 []


Overfull \hbox (16.53671pt too wide) has occurred while \output is active
 [][][][] []  
 []

[7

]) (./files/chapters/1-Motivacion_Objetivos.tex
Overfull \hbox (2.1517pt too wide) has occurred while \output is active
 [][]  
 []


Overfull \hbox (16.53671pt too wide) has occurred while \output is active
 [][][][] []  
 []

[8

]
Overfull \hbox (2.1517pt too wide) has occurred while \output is active
 [][]  
 []


Overfull \hbox (16.53671pt too wide) has occurred while \output is active
 [][][][] []  
 []

[9

]
Overfull \hbox (2.1517pt too wide) has occurred while \output is active
 [][]  
 []


Overfull \hbox (16.53671pt too wide) has occurred while \output is active
 [][][][] []  
 []

[10

]
Overfull \hbox (2.1517pt too wide) has occurred while \output is active
 [][]  
 []


Overfull \hbox (16.53671pt too wide) has occurred while \output is active
 [][][][] []  
 []

[11

]
Overfull \hbox (2.1517pt too wide) has occurred while \output is active
 [][]  
 []


Overfull \hbox (16.53671pt too wide) has occurred while \output is active
 [][][][] []  
 []

[12

]
Overfull \hbox (2.1517pt too wide) has occurred while \output is active
 [][]  
 []


Overfull \hbox (16.53671pt too wide) has occurred while \output is active
 [][][][] []  
 []

[13

]
Overfull \hbox (2.1517pt too wide) has occurred while \output is active
 [][]  
 []


Overfull \hbox (16.53671pt too wide) has occurred while \output is active
 [][][][] []  
 []

[14

]
Overfull \hbox (2.1517pt too wide) has occurred while \output is active
 [][]  
 []


Overfull \hbox (16.53671pt too wide) has occurred while \output is active
 [][][][] []  
 []

[15

]
Overfull \hbox (2.1517pt too wide) has occurred while \output is active
 [][]  
 []


Overfull \hbox (16.53671pt too wide) has occurred while \output is active
 [][][][] []  
 []

[16

]) (./files/chapters/2-1-Burgers_Determinista_Galerkin.tex
Overfull \hbox (2.1517pt too wide) has occurred while \output is active
 [][]  
 []


Overfull \hbox (16.53671pt too wide) has occurred while \output is active
 [][][][] []  
 []

[17

]
Overfull \hbox (1.7787pt too wide) detected at line 24
[] \OT1/cmr/m/n/10.95 = [] [][] \OML/cmm/m/it/10.95 u\OT1/cmr/m/n/10.95 (\OML/c
mm/m/it/10.95 x\OT1/cmr/m/n/10.95 )\OML/cmm/m/it/10.95 e[]dx;  k \OT1/cmr/m/n/1
0.95 = 0\OML/cmm/m/it/10.95 ; \OMS/cmsy/m/n/10.95 ^^F\OT1/cmr/m/n/10.95 1\OML/c
mm/m/it/10.95 ; \OMS/cmsy/m/n/10.95 ^^F\OT1/cmr/m/n/10.95 2\OML/cmm/m/it/10.95 
; [] ;  u\OT1/cmr/m/n/10.95 (\OML/cmm/m/it/10.95 x\OT1/cmr/m/n/10.95 ) \OMS/cms
y/m/n/10.95 2 \OML/cmm/m/it/10.95 L[]\OT1/cmr/m/n/10.95 [0\OML/cmm/m/it/10.95 ;
 \OT1/cmr/m/n/10.95 2\OML/cmm/m/it/10.95 ^^Y\OT1/cmr/m/n/10.95 ]\OML/cmm/m/it/1
0.95 :
 []


Overfull \hbox (2.1517pt too wide) has occurred while \output is active
 [][]  
 []


Overfull \hbox (16.53671pt too wide) has occurred while \output is active
 [][][][] []  
 []

[18

]
Overfull \hbox (1.7787pt too wide) detected at line 24
[] \OT1/cmr/m/n/10.95 = [] [][] \OML/cmm/m/it/10.95 u\OT1/cmr/m/n/10.95 (\OML/c
mm/m/it/10.95 x\OT1/cmr/m/n/10.95 )\OML/cmm/m/it/10.95 e[]dx;  k \OT1/cmr/m/n/1
0.95 = 0\OML/cmm/m/it/10.95 ; \OMS/cmsy/m/n/10.95 ^^F\OT1/cmr/m/n/10.95 1\OML/c
mm/m/it/10.95 ; \OMS/cmsy/m/n/10.95 ^^F\OT1/cmr/m/n/10.95 2\OML/cmm/m/it/10.95 
; [] ;  u\OT1/cmr/m/n/10.95 (\OML/cmm/m/it/10.95 x\OT1/cmr/m/n/10.95 ) \OMS/cms
y/m/n/10.95 2 \OML/cmm/m/it/10.95 L[]\OT1/cmr/m/n/10.95 [0\OML/cmm/m/it/10.95 ;
 \OT1/cmr/m/n/10.95 2\OML/cmm/m/it/10.95 ^^Y\OT1/cmr/m/n/10.95 ]\OML/cmm/m/it/1
0.95 :
 []


Overfull \hbox (2.1517pt too wide) has occurred while \output is active
 [][]  
 []


Overfull \hbox (16.53671pt too wide) has occurred while \output is active
 [][][][] []  
 []

[19

]
Overfull \hbox (2.1517pt too wide) has occurred while \output is active
 [][]  
 []


Overfull \hbox (16.53671pt too wide) has occurred while \output is active
 [][][][] []  
 []

[20

]
Overfull \hbox (2.1517pt too wide) has occurred while \output is active
 [][]  
 []


Overfull \hbox (16.53671pt too wide) has occurred while \output is active
 [][][][] []  
 []

[21

]
Overfull \hbox (2.1517pt too wide) has occurred while \output is active
 [][]  
 []


Overfull \hbox (16.53671pt too wide) has occurred while \output is active
 [][][][] []  
 []

[22

]
Overfull \hbox (2.1517pt too wide) has occurred while \output is active
 [][]  
 []


Overfull \hbox (16.53671pt too wide) has occurred while \output is active
 [][][][] []  
 []

[23

]
Overfull \hbox (2.1517pt too wide) has occurred while \output is active
 [][]  
 []


Overfull \hbox (16.53671pt too wide) has occurred while \output is active
 [][][][] []  
 []

[24

]
Overfull \hbox (2.1517pt too wide) has occurred while \output is active
 [][]  
 []


Overfull \hbox (16.53671pt too wide) has occurred while \output is active
 [][][][] []  
 []

[25

]
Overfull \vbox (0.6529pt too high) detected at line 97
 []


Overfull \hbox (2.1517pt too wide) has occurred while \output is active
 [][]  
 []


Overfull \hbox (16.53671pt too wide) has occurred while \output is active
 [][][][] []  
 []

[26

]
Overfull \hbox (2.1517pt too wide) has occurred while \output is active
 [][]  
 []


Overfull \hbox (16.53671pt too wide) has occurred while \output is active
 [][][][] []  
 []

[27

]
Overfull \hbox (2.1517pt too wide) has occurred while \output is active
 [][]  
 []


Overfull \hbox (20.20332pt too wide) has occurred while \output is active
 [][][][] []  
 []

[28

]) (./files/chapters/2-2-Burgers_Determinista_Colocacion.tex
Overfull \hbox (2.1517pt too wide) has occurred while \output is active
 [][]  
 []


Overfull \hbox (20.20332pt too wide) has occurred while \output is active
 [][][][] []  
 []

[29

]
Overfull \hbox (2.1517pt too wide) has occurred while \output is active
 [][]  
 []


Overfull \hbox (20.20332pt too wide) has occurred while \output is active
 [][][][] []  
 []

[30

]
Overfull \hbox (2.1517pt too wide) has occurred while \output is active
 [][]  
 []


Overfull \hbox (20.20332pt too wide) has occurred while \output is active
 [][][][] []  
 []

[31

]
Overfull \hbox (2.1517pt too wide) has occurred while \output is active
 [][]  
 []


Overfull \hbox (20.20332pt too wide) has occurred while \output is active
 [][][][] []  
 []

[32

]
Overfull \hbox (2.1517pt too wide) has occurred while \output is active
 [][]  
 []


Overfull \hbox (20.20332pt too wide) has occurred while \output is active
 [][][][] []  
 []

[33

]
Overfull \vbox (1.08058pt too high) detected at line 49
 []


Overfull \hbox (2.1517pt too wide) has occurred while \output is active
 [][]  
 []


Overfull \hbox (20.20332pt too wide) has occurred while \output is active
 [][][][] []  
 []

[34

]
Overfull \hbox (2.1517pt too wide) has occurred while \output is active
 [][]  
 []


Overfull \hbox (20.20332pt too wide) has occurred while \output is active
 [][][][] []  
 []

[35

]
Overfull \hbox (2.1517pt too wide) has occurred while \output is active
 [][]  
 []


Overfull \hbox (20.20332pt too wide) has occurred while \output is active
 [][][][] []  
 []

[36

]) (./files/chapters/3-0-Fokker_Planck_Kolmogorov.tex
Overfull \hbox (2.1517pt too wide) has occurred while \output is active
 [][]  
 []


Overfull \hbox (20.20332pt too wide) has occurred while \output is active
 [][][][] []  
 []

[37

]
Overfull \hbox (2.1517pt too wide) has occurred while \output is active
 [][]  
 []


Overfull \hbox (20.20332pt too wide) has occurred while \output is active
 [][][][] []  
 []

[38

]
Overfull \hbox (2.1517pt too wide) has occurred while \output is active
 [][]  
 []


Overfull \hbox (20.20332pt too wide) has occurred while \output is active
 [][][][] []  
 []

[39

]
Overfull \hbox (2.1517pt too wide) has occurred while \output is active
 [][]  
 []


Overfull \hbox (20.20332pt too wide) has occurred while \output is active
 [][][][] []  
 []

[40

]
Overfull \hbox (2.1517pt too wide) has occurred while \output is active
 [][]  
 []


Overfull \hbox (20.20332pt too wide) has occurred while \output is active
 [][][][] []  
 []

[41

]) (./files/chapters/3-1-Burgers_Estocastica_Solucion.tex
Overfull \hbox (2.07878pt too wide) detected at line 28
\OML/cmm/m/it/10.95 dX\OT1/cmr/m/n/10.95 (\OML/cmm/m/it/10.95 ^^X; t\OT1/cmr/m/
n/10.95 ) = [] \OML/cmm/m/it/10.95 dt \OT1/cmr/m/n/10.95 + \OML/cmm/m/it/10.95 
dW[]\OT1/cmr/m/n/10.95 (\OML/cmm/m/it/10.95 ^^X; t\OT1/cmr/m/n/10.95 )\OML/cmm/
m/it/10.95 ;  ^^X \OMS/cmsy/m/n/10.95 2 \OT1/cmr/m/n/10.95 [0\OML/cmm/m/it/10.9
5 ; \OT1/cmr/m/n/10.95 1]
 []


Overfull \hbox (2.1517pt too wide) has occurred while \output is active
 [][]  
 []


Overfull \hbox (20.20332pt too wide) has occurred while \output is active
 [][][][] []  
 []

[42

]
Overfull \hbox (2.07878pt too wide) detected at line 28
\OML/cmm/m/it/10.95 dX\OT1/cmr/m/n/10.95 (\OML/cmm/m/it/10.95 ^^X; t\OT1/cmr/m/
n/10.95 ) = [] \OML/cmm/m/it/10.95 dt \OT1/cmr/m/n/10.95 + \OML/cmm/m/it/10.95 
dW[]\OT1/cmr/m/n/10.95 (\OML/cmm/m/it/10.95 ^^X; t\OT1/cmr/m/n/10.95 )\OML/cmm/
m/it/10.95 ;  ^^X \OMS/cmsy/m/n/10.95 2 \OT1/cmr/m/n/10.95 [0\OML/cmm/m/it/10.9
5 ; \OT1/cmr/m/n/10.95 1]
 []


Overfull \hbox (2.1517pt too wide) has occurred while \output is active
 [][]  
 []


Overfull \hbox (20.20332pt too wide) has occurred while \output is active
 [][][][] []  
 []

[43

]
Overfull \hbox (2.07878pt too wide) detected at line 28
\OML/cmm/m/it/10.95 dX\OT1/cmr/m/n/10.95 (\OML/cmm/m/it/10.95 ^^X; t\OT1/cmr/m/
n/10.95 ) = [] \OML/cmm/m/it/10.95 dt \OT1/cmr/m/n/10.95 + \OML/cmm/m/it/10.95 
dW[]\OT1/cmr/m/n/10.95 (\OML/cmm/m/it/10.95 ^^X; t\OT1/cmr/m/n/10.95 )\OML/cmm/
m/it/10.95 ;  ^^X \OMS/cmsy/m/n/10.95 2 \OT1/cmr/m/n/10.95 [0\OML/cmm/m/it/10.9
5 ; \OT1/cmr/m/n/10.95 1]
 []


Overfull \hbox (2.1517pt too wide) has occurred while \output is active
 [][]  
 []


Overfull \hbox (20.20332pt too wide) has occurred while \output is active
 [][][][] []  
 []

[44

]
Overfull \hbox (2.1517pt too wide) has occurred while \output is active
 [][]  
 []


Overfull \hbox (20.20332pt too wide) has occurred while \output is active
 [][][][] []  
 []

[45

]
Overfull \hbox (2.1517pt too wide) has occurred while \output is active
 [][]  
 []


Overfull \hbox (20.20332pt too wide) has occurred while \output is active
 [][][][] []  
 []

[46

]
Overfull \hbox (2.1517pt too wide) has occurred while \output is active
 [][]  
 []


Overfull \hbox (20.20332pt too wide) has occurred while \output is active
 [][][][] []  
 []

[47

]
Overfull \hbox (2.1517pt too wide) has occurred while \output is active
 [][]  
 []


Overfull \hbox (20.20332pt too wide) has occurred while \output is active
 [][][][] []  
 []

[48

]
Overfull \hbox (2.1517pt too wide) has occurred while \output is active
 [][]  
 []


Overfull \hbox (20.20332pt too wide) has occurred while \output is active
 [][][][] []  
 []

[49

]) (./files/chapters/4-Conclusiones.tex
Overfull \hbox (2.1517pt too wide) has occurred while \output is active
 [][]  
 []


Overfull \hbox (20.20332pt too wide) has occurred while \output is active
 [][][][] []  
 []

[50

]
Overfull \hbox (2.1517pt too wide) has occurred while \output is active
 [][]  
 []


Overfull \hbox (20.20332pt too wide) has occurred while \output is active
 [][][][] []  
 []

[51

]
Overfull \hbox (2.1517pt too wide) has occurred while \output is active
 [][]  
 []


Overfull \hbox (20.20332pt too wide) has occurred while \output is active
 [][][][] []  
 []

[52

]
Overfull \hbox (2.1517pt too wide) has occurred while \output is active
 [][]  
 []


Overfull \hbox (20.20332pt too wide) has occurred while \output is active
 [][][][] []  
 []

[53

]) (./files/chapters/Glosario.tex
Overfull \hbox (2.1517pt too wide) has occurred while \output is active
 [][]  
 []


Overfull \hbox (20.20332pt too wide) has occurred while \output is active
 [][][][] []  
 []

[54

]
<files/figures/viscid/galerkin/alphas_Error_N.png, id=1590, 722.7pt x 361.35pt>

File: files/figures/viscid/galerkin/alphas_Error_N.png Graphic file (type png)
<use files/figures/viscid/galerkin/alphas_Error_N.png>
Package pdftex.def Info: files/figures/viscid/galerkin/alphas_Error_N.png  used
 on input line 39.
(pdftex.def)             Requested size: 227.61862pt x 170.71672pt.

Overfull \hbox (2.1517pt too wide) has occurred while \output is active
 [][]  
 []


Overfull \hbox (20.20332pt too wide) has occurred while \output is active
 [][][][] []  
 []

[55

 <./files/figures/viscid/galerkin/alphas_Error_N.png>]
<files/figures/viscid/galerkin/Numerical_Solution_alpha=0005.png, id=1624, 1084
.05pt x 1084.05pt>
File: files/figures/viscid/galerkin/Numerical_Solution_alpha=0005.png Graphic f
ile (type png)
<use files/figures/viscid/galerkin/Numerical_Solution_alpha=0005.png>
Package pdftex.def Info: files/figures/viscid/galerkin/Numerical_Solution_alpha
=0005.png  used on input line 49.
(pdftex.def)             Requested size: 113.80379pt x 142.25475pt.
<files/figures/viscid/galerkin/Numerical_Solution_alpha=1.png, id=1625, 1084.05
pt x 1084.05pt>
File: files/figures/viscid/galerkin/Numerical_Solution_alpha=1.png Graphic file
 (type png)
<use files/figures/viscid/galerkin/Numerical_Solution_alpha=1.png>
Package pdftex.def Info: files/figures/viscid/galerkin/Numerical_Solution_alpha
=1.png  used on input line 49.
(pdftex.def)             Requested size: 113.80379pt x 142.25475pt.

Overfull \hbox (2.1517pt too wide) has occurred while \output is active
 [][]  
 []


Overfull \hbox (20.20332pt too wide) has occurred while \output is active
 [][][][] []  
 []

[56

 <./files/figures/viscid/galerkin/Numerical_Solution_alpha=0005.png> <./files/f
igures/viscid/galerkin/Numerical_Solution_alpha=1.png>]
<files/figures/viscid/galerkin/Numerical_Solution_alpha=0005_T=100.png, id=1656
, 1084.05pt x 722.7pt>
File: files/figures/viscid/galerkin/Numerical_Solution_alpha=0005_T=100.png Gra
phic file (type png)
<use files/figures/viscid/galerkin/Numerical_Solution_alpha=0005_T=100.png>
Package pdftex.def Info: files/figures/viscid/galerkin/Numerical_Solution_alpha
=0005_T=100.png  used on input line 59.
(pdftex.def)             Requested size: 113.80379pt x 142.26576pt.
<files/figures/viscid/galerkin/Numerical_Solution_alpha=1_T=100.png, id=1657, 1
084.05pt x 722.7pt>
File: files/figures/viscid/galerkin/Numerical_Solution_alpha=1_T=100.png Graphi
c file (type png)
<use files/figures/viscid/galerkin/Numerical_Solution_alpha=1_T=100.png>
Package pdftex.def Info: files/figures/viscid/galerkin/Numerical_Solution_alpha
=1_T=100.png  used on input line 59.
(pdftex.def)             Requested size: 113.80379pt x 142.26576pt.

Overfull \hbox (2.1517pt too wide) has occurred while \output is active
 [][]  
 []


Overfull \hbox (20.20332pt too wide) has occurred while \output is active
 [][][][] []  
 []

[57

 <./files/figures/viscid/galerkin/Numerical_Solution_alpha=0005_T=100.png> <./f
iles/figures/viscid/galerkin/Numerical_Solution_alpha=1_T=100.png>]
Overfull \hbox (2.1517pt too wide) has occurred while \output is active
 [][]  
 []


Overfull \hbox (20.20332pt too wide) has occurred while \output is active
 [][][][] []  
 []

[58

]
Overfull \vbox (3.53183pt too high) detected at line 116
 []


Overfull \hbox (2.1517pt too wide) has occurred while \output is active
 [][]  
 []


Overfull \hbox (20.20332pt too wide) has occurred while \output is active
 [][][][] []  
 []

[59

]
<files/figures/inviscid/varios_alphas.png, id=1742, 1107.8991pt x 776.9025pt>
File: files/figures/inviscid/varios_alphas.png Graphic file (type png)
<use files/figures/inviscid/varios_alphas.png>
Package pdftex.def Info: files/figures/inviscid/varios_alphas.png  used on inpu
t line 127.
(pdftex.def)             Requested size: 113.80551pt x 142.25475pt.
<files/figures/inviscid/small_alpha.png, id=1743, 1107.8991pt x 776.9025pt>
File: files/figures/inviscid/small_alpha.png Graphic file (type png)
<use files/figures/inviscid/small_alpha.png>
Package pdftex.def Info: files/figures/inviscid/small_alpha.png  used on input 
line 127.
(pdftex.def)             Requested size: 113.80551pt x 142.25475pt.

Overfull \hbox (2.1517pt too wide) has occurred while \output is active
 [][]  
 []


Overfull \hbox (20.20332pt too wide) has occurred while \output is active
 [][][][] []  
 []

[60

 <./files/figures/inviscid/varios_alphas.png> <./files/figures/inviscid/small_a
lpha.png>]
<files/figures/inviscid/small_alpha_T.png, id=1774, 1107.8991pt x 776.9025pt>
File: files/figures/inviscid/small_alpha_T.png Graphic file (type png)
<use files/figures/inviscid/small_alpha_T.png>
Package pdftex.def Info: files/figures/inviscid/small_alpha_T.png  used on inpu
t line 135.
(pdftex.def)             Requested size: 227.61104pt x 170.71754pt.

Overfull \hbox (2.1517pt too wide) has occurred while \output is active
 [][]  
 []


Overfull \hbox (20.20332pt too wide) has occurred while \output is active
 [][][][] []  
 []

[61

 <./files/figures/inviscid/small_alpha_T.png>]
Overfull \hbox (2.1517pt too wide) has occurred while \output is active
 [][]  
 []


Overfull \hbox (20.20332pt too wide) has occurred while \output is active
 [][][][] []  
 []

[62

]
<files/figures/viscid/collocation/alphas_Error_N.png, id=1831, 722.7pt x 361.35
pt>
File: files/figures/viscid/collocation/alphas_Error_N.png Graphic file (type pn
g)
<use files/figures/viscid/collocation/alphas_Error_N.png>
Package pdftex.def Info: files/figures/viscid/collocation/alphas_Error_N.png  u
sed on input line 167.
(pdftex.def)             Requested size: 284.53154pt x 170.71672pt.

Overfull \hbox (2.1517pt too wide) has occurred while \output is active
 [][]  
 []


Overfull \hbox (20.20332pt too wide) has occurred while \output is active
 [][][][] []  
 []

[63

 <./files/figures/viscid/collocation/alphas_Error_N.png>]
<files/figures/viscid/collocation/Numerical_Solution_alpha=1_T=100.png, id=1861
, 1084.05pt x 722.7pt>
File: files/figures/viscid/collocation/Numerical_Solution_alpha=1_T=100.png Gra
phic file (type png)
<use files/figures/viscid/collocation/Numerical_Solution_alpha=1_T=100.png>
Package pdftex.def Info: files/figures/viscid/collocation/Numerical_Solution_al
pha=1_T=100.png  used on input line 177.
(pdftex.def)             Requested size: 113.80379pt x 142.26576pt.
<files/figures/viscid/collocation/Numerical_Solution_alpha=1.png, id=1862, 1084
.05pt x 1084.05pt>
File: files/figures/viscid/collocation/Numerical_Solution_alpha=1.png Graphic f
ile (type png)
<use files/figures/viscid/collocation/Numerical_Solution_alpha=1.png>
Package pdftex.def Info: files/figures/viscid/collocation/Numerical_Solution_al
pha=1.png  used on input line 177.
(pdftex.def)             Requested size: 113.80379pt x 142.25475pt.

Overfull \hbox (2.1517pt too wide) has occurred while \output is active
 [][]  
 []


Overfull \hbox (20.20332pt too wide) has occurred while \output is active
 [][][][] []  
 []

[64

 <./files/figures/viscid/collocation/Numerical_Solution_alpha=1_T=100.png> <./f
iles/figures/viscid/collocation/Numerical_Solution_alpha=1.png>]
<files/figures/viscid/collocation/Numerical_Solution_alpha=0005.png, id=1892, 1
084.05pt x 1084.05pt>
File: files/figures/viscid/collocation/Numerical_Solution_alpha=0005.png Graphi
c file (type png)
<use files/figures/viscid/collocation/Numerical_Solution_alpha=0005.png>
Package pdftex.def Info: files/figures/viscid/collocation/Numerical_Solution_al
pha=0005.png  used on input line 187.
(pdftex.def)             Requested size: 113.80379pt x 142.25475pt.
<files/figures/viscid/collocation/Numerical_Solution_alpha=0005_T=100.png, id=1
893, 1084.05pt x 722.7pt>
File: files/figures/viscid/collocation/Numerical_Solution_alpha=0005_T=100.png 
Graphic file (type png)
<use files/figures/viscid/collocation/Numerical_Solution_alpha=0005_T=100.png>
Package pdftex.def Info: files/figures/viscid/collocation/Numerical_Solution_al
pha=0005_T=100.png  used on input line 187.
(pdftex.def)             Requested size: 113.80379pt x 142.26576pt.

Overfull \hbox (2.1517pt too wide) has occurred while \output is active
 [][]  
 []


Overfull \hbox (20.20332pt too wide) has occurred while \output is active
 [][][][] []  
 []

[65

 <./files/figures/viscid/collocation/Numerical_Solution_alpha=0005.png> <./file
s/figures/viscid/collocation/Numerical_Solution_alpha=0005_T=100.png>]
Overfull \hbox (2.1517pt too wide) has occurred while \output is active
 [][]  
 []


Overfull \hbox (20.20332pt too wide) has occurred while \output is active
 [][][][] []  
 []

[66

]
Overfull \vbox (3.53183pt too high) detected at line 245
 []


Overfull \hbox (2.1517pt too wide) has occurred while \output is active
 [][]  
 []


Overfull \hbox (20.20332pt too wide) has occurred while \output is active
 [][][][] []  
 []

[67

]
<files/figures/FPK/Numerical_Solution_Stochastic.png, id=1980, 1084.05pt x 1084
.05pt>
File: files/figures/FPK/Numerical_Solution_Stochastic.png Graphic file (type pn
g)
<use files/figures/FPK/Numerical_Solution_Stochastic.png>
Package pdftex.def Info: files/figures/FPK/Numerical_Solution_Stochastic.png  u
sed on input line 259.
(pdftex.def)             Requested size: 113.80379pt x 142.25475pt.

Overfull \hbox (2.1517pt too wide) has occurred while \output is active
 [][]  
 []


Overfull \hbox (20.20332pt too wide) has occurred while \output is active
 [][][][] []  
 []

[68

 <./files/figures/FPK/Numerical_Solution_Stochastic.png>]
File: files/figures/FPK/Numerical_Solution_Stochastic.png Graphic file (type pn
g)
<use files/figures/FPK/Numerical_Solution_Stochastic.png>
Package pdftex.def Info: files/figures/FPK/Numerical_Solution_Stochastic.png  u
sed on input line 259.
(pdftex.def)             Requested size: 113.80379pt x 142.25475pt.
<files/figures/FPK/IC.png, id=2010, 722.7pt x 722.7pt>
File: files/figures/FPK/IC.png Graphic file (type png)
<use files/figures/FPK/IC.png>
Package pdftex.def Info: files/figures/FPK/IC.png  used on input line 259.
(pdftex.def)             Requested size: 113.80379pt x 142.26576pt.

Overfull \hbox (2.1517pt too wide) has occurred while \output is active
 [][]  
 []


Overfull \hbox (20.20332pt too wide) has occurred while \output is active
 [][][][] []  
 []

[69

 <./files/figures/FPK/IC.png>]
<files/figures/FPK/norms.png, id=2038, 722.7pt x 722.7pt>
File: files/figures/FPK/norms.png Graphic file (type png)
<use files/figures/FPK/norms.png>
Package pdftex.def Info: files/figures/FPK/norms.png  used on input line 272.
(pdftex.def)             Requested size: 113.80379pt x 170.71672pt.

Overfull \hbox (2.1517pt too wide) has occurred while \output is active
 [][]  
 []


Overfull \hbox (20.20332pt too wide) has occurred while \output is active
 [][][][] []  
 []

[70

 <./files/figures/FPK/norms.png>]
File: files/figures/FPK/norms.png Graphic file (type png)
<use files/figures/FPK/norms.png>
Package pdftex.def Info: files/figures/FPK/norms.png  used on input line 272.
(pdftex.def)             Requested size: 113.80379pt x 170.71672pt.
File: files/figures/FPK/IC.png Graphic file (type png)
<use files/figures/FPK/IC.png>
Package pdftex.def Info: files/figures/FPK/IC.png  used on input line 272.
(pdftex.def)             Requested size: 113.80379pt x 170.71672pt.

Overfull \hbox (2.1517pt too wide) has occurred while \output is active
 [][]  
 []


Overfull \hbox (20.20332pt too wide) has occurred while \output is active
 [][][][] []  
 []

[71

])
\tf@nav=\write7
\openout7 = `presentation.nav'.

\tf@toc=\write8
\openout8 = `presentation.toc'.

\tf@snm=\write9
\openout9 = `presentation.snm'.

Package atveryend Info: Empty hook `BeforeClearDocument' on input line 90.
Package atveryend Info: Empty hook `AfterLastShipout' on input line 90.
 (./presentation.aux)
Package atveryend Info: Executing hook `AtVeryEndDocument' on input line 90.
Package atveryend Info: Executing hook `AtEndAfterFileList' on input line 90.
Package rerunfilecheck Info: File `presentation.out' has not changed.
(rerunfilecheck)             Checksum: D41D8CD98F00B204E9800998ECF8427E;0.
 ) 
Here is how much of TeX's memory you used:
 20508 strings out of 481239
 384734 string characters out of 5920377
 663049 words of memory out of 5000000
 35056 multiletter control sequences out of 15000+600000
 540487 words of font info for 56 fonts, out of 8000000 for 9000
 1141 hyphenation exceptions out of 8191
 54i,18n,61p,779b,634s stack positions out of 5000i,500n,10000p,200000b,80000s
pdfTeX warning (dest): name{Estoc\\unhbox\040\\voidb@x\040\\bgroup\040\\let\0
40\\unhbox\040\\voidb@x\040\\setbox\040\\@tempboxa\040\\hbox\040{a\\global\040\
\mathchardef\040\\accent@spacefactor\040\\spacefactor\040}\\let\040\\begingroup
\040\\endgroup\040\\relax\040\\let\040\\ignorespaces\040\\relax\040\\accent\040
19\040a\\egroup\040\\spacefactor\040\\accent@spacefactor\040stica} has been ref
erenced but does not exist, replaced by a fixed one

pdfTeX warning (dest): name{Interpolaci\\unhbox\040\\voidb@x\040\\bgroup\040\\l
et\040\\unhbox\040\\voidb@x\040\\setbox\040\\@tempboxa\040\\hbox\040{o\\global\
040\\mathchardef\040\\accent@spacefactor\040\\spacefactor\040}\\let\040\\beging
roup\040\\endgroup\040\\relax\040\\let\040\\ignorespaces\040\\relax\040\\accent
\04019\040o\\egroup\040\\spacefactor\040\\accent@spacefactor\040n} has been ref
erenced but does not exist, replaced by a fixed one

pdfTeX warning (dest): name{Proyecci\\unhbox\040\\voidb@x\040\\bgroup\040\\let\
040\\unhbox\040\\voidb@x\040\\setbox\040\\@tempboxa\040\\hbox\040{o\\global\040
\\mathchardef\040\\accent@spacefactor\040\\spacefactor\040}\\let\040\\begingrou
p\040\\endgroup\040\\relax\040\\let\040\\ignorespaces\040\\relax\040\\accent\04
019\040o\\egroup\040\\spacefactor\040\\accent@spacefactor\040n} has been refere
nced but does not exist, replaced by a fixed one

pdfTeX warning (dest): name{Motivaci\\unhbox\040\\voidb@x\040\\bgroup\040\\let\
040\\unhbox\040\\voidb@x\040\\setbox\040\\@tempboxa\040\\hbox\040{o\\global\040
\\mathchardef\040\\accent@spacefactor\040\\spacefactor\040}\\let\040\\begingrou
p\040\\endgroup\040\\relax\040\\let\040\\ignorespaces\040\\relax\040\\accent\04
019\040o\\egroup\040\\spacefactor\040\\accent@spacefactor\040n\040y\040Objetivo
s} has been referenced but does not exist, replaced by a fixed one

</usr/share/texlive/texmf-dist/fonts/type1/public/amsfonts/cm/cmbx10.pfb></usr/
share/texlive/texmf-dist/fonts/type1/public/amsfonts/cm/cmcsc10.pfb></usr/share
/texlive/texmf-dist/fonts/type1/public/amsfonts/cm/cmex10.pfb></usr/share/texli
ve/texmf-dist/fonts/type1/public/amsfonts/cmextra/cmex8.pfb></usr/share/texlive
/texmf-dist/fonts/type1/public/amsfonts/cm/cmmi10.pfb></usr/share/texlive/texmf
-dist/fonts/type1/public/amsfonts/cm/cmmi6.pfb></usr/share/texlive/texmf-dist/f
onts/type1/public/amsfonts/cm/cmmi7.pfb></usr/share/texlive/texmf-dist/fonts/ty
pe1/public/amsfonts/cm/cmmi8.pfb></usr/share/texlive/texmf-dist/fonts/type1/pub
lic/amsfonts/cm/cmr10.pfb></usr/share/texlive/texmf-dist/fonts/type1/public/ams
fonts/cm/cmr12.pfb></usr/share/texlive/texmf-dist/fonts/type1/public/amsfonts/c
m/cmr5.pfb></usr/share/texlive/texmf-dist/fonts/type1/public/amsfonts/cm/cmr6.p
fb></usr/share/texlive/texmf-dist/fonts/type1/public/amsfonts/cm/cmr7.pfb></usr
/share/texlive/texmf-dist/fonts/type1/public/amsfonts/cm/cmr8.pfb></usr/share/t
exlive/texmf-dist/fonts/type1/public/amsfonts/cm/cmsy10.pfb></usr/share/texlive
/texmf-dist/fonts/type1/public/amsfonts/cm/cmsy6.pfb></usr/share/texlive/texmf-
dist/fonts/type1/public/amsfonts/cm/cmsy7.pfb></usr/share/texlive/texmf-dist/fo
nts/type1/public/amsfonts/cm/cmsy8.pfb></usr/share/texlive/texmf-dist/fonts/typ
e1/public/amsfonts/symbols/msbm10.pfb>
Output written on presentation.pdf (71 pages, 6098032 bytes).
PDF statistics:
 2191 PDF objects out of 2487 (max. 8388607)
 2030 compressed objects within 21 object streams
 168 named destinations out of 1000 (max. 500000)
 176 words of extra memory for PDF output out of 10000 (max. 10000000)

