This is pdfTeX, Version 3.14159265-2.6-1.40.18 (TeX Live 2017/Debian) (preloaded format=pdflatex 2019.1.17)  29 JAN 2020 15:41
entering extended mode
 restricted \write18 enabled.
 %&-line parsing enabled.
**Presentation.tex
(./Presentation.tex
LaTeX2e <2017-04-15>
Babel <3.18> and hyphenation patterns for 84 language(s) loaded.
(/usr/share/texlive/texmf-dist/tex/latex/beamer/beamer.cls
Document Class: beamer 2018/02/20 v3.50 A class for typesetting presentations
(/usr/share/texlive/texmf-dist/tex/latex/beamer/beamerbasemodes.sty
(/usr/share/texlive/texmf-dist/tex/latex/etoolbox/etoolbox.sty
Package: etoolbox 2018/02/11 v2.5e e-TeX tools for LaTeX (JAW)
\etb@tempcnta=\count79
)
\beamer@tempbox=\box26
\beamer@tempcount=\count80
\c@beamerpauses=\count81

(/usr/share/texlive/texmf-dist/tex/latex/beamer/beamerbasedecode.sty
\beamer@slideinframe=\count82
\beamer@minimum=\count83
)
\beamer@commentbox=\box27
\beamer@modecount=\count84
)
(/usr/share/texlive/texmf-dist/tex/generic/oberdiek/ifpdf.sty
Package: ifpdf 2017/03/15 v3.2 Provides the ifpdf switch
)
\headdp=\dimen102
\footheight=\dimen103
\sidebarheight=\dimen104
\beamer@tempdim=\dimen105
\beamer@finalheight=\dimen106
\beamer@animht=\dimen107
\beamer@animdp=\dimen108
\beamer@animwd=\dimen109
\beamer@leftmargin=\dimen110
\beamer@rightmargin=\dimen111
\beamer@leftsidebar=\dimen112
\beamer@rightsidebar=\dimen113
\beamer@boxsize=\dimen114
\beamer@vboxoffset=\dimen115
\beamer@descdefault=\dimen116
\beamer@descriptionwidth=\dimen117
\beamer@lastskip=\skip41
\beamer@areabox=\box28
\beamer@animcurrent=\box29
\beamer@animshowbox=\box30
\beamer@sectionbox=\box31
\beamer@logobox=\box32
\beamer@linebox=\box33
\beamer@sectioncount=\count85
\beamer@subsubsectionmax=\count86
\beamer@subsectionmax=\count87
\beamer@sectionmax=\count88
\beamer@totalheads=\count89
\beamer@headcounter=\count90
\beamer@partstartpage=\count91
\beamer@sectionstartpage=\count92
\beamer@subsectionstartpage=\count93
\beamer@animationtempa=\count94
\beamer@animationtempb=\count95
\beamer@xpos=\count96
\beamer@ypos=\count97
\beamer@ypos@offset=\count98
\beamer@showpartnumber=\count99
\beamer@currentsubsection=\count100
\beamer@coveringdepth=\count101
\beamer@sectionadjust=\count102
\beamer@tocsectionnumber=\count103

(/usr/share/texlive/texmf-dist/tex/latex/beamer/beamerbaseoptions.sty
(/usr/share/texlive/texmf-dist/tex/latex/graphics/keyval.sty
Package: keyval 2014/10/28 v1.15 key=value parser (DPC)
\KV@toks@=\toks14
))
\beamer@paperwidth=\skip42
\beamer@paperheight=\skip43

(/usr/share/texlive/texmf-dist/tex/latex/geometry/geometry.sty
Package: geometry 2010/09/12 v5.6 Page Geometry

(/usr/share/texlive/texmf-dist/tex/generic/oberdiek/ifvtex.sty
Package: ifvtex 2016/05/16 v1.6 Detect VTeX and its facilities (HO)
Package ifvtex Info: VTeX not detected.
)
(/usr/share/texlive/texmf-dist/tex/generic/ifxetex/ifxetex.sty
Package: ifxetex 2010/09/12 v0.6 Provides ifxetex conditional
)
\Gm@cnth=\count104
\Gm@cntv=\count105
\c@Gm@tempcnt=\count106
\Gm@bindingoffset=\dimen118
\Gm@wd@mp=\dimen119
\Gm@odd@mp=\dimen120
\Gm@even@mp=\dimen121
\Gm@layoutwidth=\dimen122
\Gm@layoutheight=\dimen123
\Gm@layouthoffset=\dimen124
\Gm@layoutvoffset=\dimen125
\Gm@dimlist=\toks15
)
(/usr/share/texlive/texmf-dist/tex/latex/base/size11.clo
File: size11.clo 2014/09/29 v1.4h Standard LaTeX file (size option)
)
(/usr/share/texlive/texmf-dist/tex/latex/pgf/basiclayer/pgfcore.sty
(/usr/share/texlive/texmf-dist/tex/latex/graphics/graphicx.sty
Package: graphicx 2017/06/01 v1.1a Enhanced LaTeX Graphics (DPC,SPQR)

(/usr/share/texlive/texmf-dist/tex/latex/graphics/graphics.sty
Package: graphics 2017/06/25 v1.2c Standard LaTeX Graphics (DPC,SPQR)

(/usr/share/texlive/texmf-dist/tex/latex/graphics/trig.sty
Package: trig 2016/01/03 v1.10 sin cos tan (DPC)
)
(/usr/share/texlive/texmf-dist/tex/latex/graphics-cfg/graphics.cfg
File: graphics.cfg 2016/06/04 v1.11 sample graphics configuration
)
Package graphics Info: Driver file: pdftex.def on input line 99.

(/usr/share/texlive/texmf-dist/tex/latex/graphics-def/pdftex.def
File: pdftex.def 2018/01/08 v1.0l Graphics/color driver for pdftex
))
\Gin@req@height=\dimen126
\Gin@req@width=\dimen127
)
(/usr/share/texlive/texmf-dist/tex/latex/pgf/systemlayer/pgfsys.sty
(/usr/share/texlive/texmf-dist/tex/latex/pgf/utilities/pgfrcs.sty
(/usr/share/texlive/texmf-dist/tex/generic/pgf/utilities/pgfutil-common.tex
\pgfutil@everybye=\toks16
\pgfutil@tempdima=\dimen128
\pgfutil@tempdimb=\dimen129

(/usr/share/texlive/texmf-dist/tex/generic/pgf/utilities/pgfutil-common-lists.t
ex)) (/usr/share/texlive/texmf-dist/tex/generic/pgf/utilities/pgfutil-latex.def
\pgfutil@abb=\box34
(/usr/share/texlive/texmf-dist/tex/latex/ms/everyshi.sty
Package: everyshi 2001/05/15 v3.00 EveryShipout Package (MS)
))
(/usr/share/texlive/texmf-dist/tex/generic/pgf/utilities/pgfrcs.code.tex
Package: pgfrcs 2015/08/07 v3.0.1a (rcs-revision 1.31)
))
(/usr/share/texlive/texmf-dist/tex/generic/pgf/systemlayer/pgfsys.code.tex
Package: pgfsys 2014/07/09 v3.0.1a (rcs-revision 1.48)

(/usr/share/texlive/texmf-dist/tex/generic/pgf/utilities/pgfkeys.code.tex
\pgfkeys@pathtoks=\toks17
\pgfkeys@temptoks=\toks18

(/usr/share/texlive/texmf-dist/tex/generic/pgf/utilities/pgfkeysfiltered.code.t
ex
\pgfkeys@tmptoks=\toks19
))
\pgf@x=\dimen130
\pgf@y=\dimen131
\pgf@xa=\dimen132
\pgf@ya=\dimen133
\pgf@xb=\dimen134
\pgf@yb=\dimen135
\pgf@xc=\dimen136
\pgf@yc=\dimen137
\w@pgf@writea=\write3
\r@pgf@reada=\read1
\c@pgf@counta=\count107
\c@pgf@countb=\count108
\c@pgf@countc=\count109
\c@pgf@countd=\count110
\t@pgf@toka=\toks20
\t@pgf@tokb=\toks21
\t@pgf@tokc=\toks22
 (/usr/share/texlive/texmf-dist/tex/generic/pgf/systemlayer/pgf.cfg
File: pgf.cfg 2008/05/14  (rcs-revision 1.7)
)
Driver file for pgf: pgfsys-pdftex.def

(/usr/share/texlive/texmf-dist/tex/generic/pgf/systemlayer/pgfsys-pdftex.def
File: pgfsys-pdftex.def 2014/10/11  (rcs-revision 1.35)

(/usr/share/texlive/texmf-dist/tex/generic/pgf/systemlayer/pgfsys-common-pdf.de
f
File: pgfsys-common-pdf.def 2013/10/10  (rcs-revision 1.13)
)))
(/usr/share/texlive/texmf-dist/tex/generic/pgf/systemlayer/pgfsyssoftpath.code.
tex
File: pgfsyssoftpath.code.tex 2013/09/09  (rcs-revision 1.9)
\pgfsyssoftpath@smallbuffer@items=\count111
\pgfsyssoftpath@bigbuffer@items=\count112
)
(/usr/share/texlive/texmf-dist/tex/generic/pgf/systemlayer/pgfsysprotocol.code.
tex
File: pgfsysprotocol.code.tex 2006/10/16  (rcs-revision 1.4)
)) (/usr/share/texlive/texmf-dist/tex/latex/xcolor/xcolor.sty
Package: xcolor 2016/05/11 v2.12 LaTeX color extensions (UK)

(/usr/share/texlive/texmf-dist/tex/latex/graphics-cfg/color.cfg
File: color.cfg 2016/01/02 v1.6 sample color configuration
)
Package xcolor Info: Driver file: pdftex.def on input line 225.
Package xcolor Info: Model `cmy' substituted by `cmy0' on input line 1348.
Package xcolor Info: Model `hsb' substituted by `rgb' on input line 1352.
Package xcolor Info: Model `RGB' extended on input line 1364.
Package xcolor Info: Model `HTML' substituted by `rgb' on input line 1366.
Package xcolor Info: Model `Hsb' substituted by `hsb' on input line 1367.
Package xcolor Info: Model `tHsb' substituted by `hsb' on input line 1368.
Package xcolor Info: Model `HSB' substituted by `hsb' on input line 1369.
Package xcolor Info: Model `Gray' substituted by `gray' on input line 1370.
Package xcolor Info: Model `wave' substituted by `hsb' on input line 1371.
)
(/usr/share/texlive/texmf-dist/tex/generic/pgf/basiclayer/pgfcore.code.tex
Package: pgfcore 2010/04/11 v3.0.1a (rcs-revision 1.7)

(/usr/share/texlive/texmf-dist/tex/generic/pgf/math/pgfmath.code.tex
(/usr/share/texlive/texmf-dist/tex/generic/pgf/math/pgfmathcalc.code.tex
(/usr/share/texlive/texmf-dist/tex/generic/pgf/math/pgfmathutil.code.tex)
(/usr/share/texlive/texmf-dist/tex/generic/pgf/math/pgfmathparser.code.tex
\pgfmath@dimen=\dimen138
\pgfmath@count=\count113
\pgfmath@box=\box35
\pgfmath@toks=\toks23
\pgfmath@stack@operand=\toks24
\pgfmath@stack@operation=\toks25
)
(/usr/share/texlive/texmf-dist/tex/generic/pgf/math/pgfmathfunctions.code.tex
(/usr/share/texlive/texmf-dist/tex/generic/pgf/math/pgfmathfunctions.basic.code
.tex)
(/usr/share/texlive/texmf-dist/tex/generic/pgf/math/pgfmathfunctions.trigonomet
ric.code.tex)
(/usr/share/texlive/texmf-dist/tex/generic/pgf/math/pgfmathfunctions.random.cod
e.tex)
(/usr/share/texlive/texmf-dist/tex/generic/pgf/math/pgfmathfunctions.comparison
.code.tex)
(/usr/share/texlive/texmf-dist/tex/generic/pgf/math/pgfmathfunctions.base.code.
tex)
(/usr/share/texlive/texmf-dist/tex/generic/pgf/math/pgfmathfunctions.round.code
.tex)
(/usr/share/texlive/texmf-dist/tex/generic/pgf/math/pgfmathfunctions.misc.code.
tex)
(/usr/share/texlive/texmf-dist/tex/generic/pgf/math/pgfmathfunctions.integerari
thmetics.code.tex)))
(/usr/share/texlive/texmf-dist/tex/generic/pgf/math/pgfmathfloat.code.tex
\c@pgfmathroundto@lastzeros=\count114
))
(/usr/share/texlive/texmf-dist/tex/generic/pgf/basiclayer/pgfcorepoints.code.te
x
File: pgfcorepoints.code.tex 2013/10/07  (rcs-revision 1.27)
\pgf@picminx=\dimen139
\pgf@picmaxx=\dimen140
\pgf@picminy=\dimen141
\pgf@picmaxy=\dimen142
\pgf@pathminx=\dimen143
\pgf@pathmaxx=\dimen144
\pgf@pathminy=\dimen145
\pgf@pathmaxy=\dimen146
\pgf@xx=\dimen147
\pgf@xy=\dimen148
\pgf@yx=\dimen149
\pgf@yy=\dimen150
\pgf@zx=\dimen151
\pgf@zy=\dimen152
)
(/usr/share/texlive/texmf-dist/tex/generic/pgf/basiclayer/pgfcorepathconstruct.
code.tex
File: pgfcorepathconstruct.code.tex 2013/10/07  (rcs-revision 1.29)
\pgf@path@lastx=\dimen153
\pgf@path@lasty=\dimen154
)
(/usr/share/texlive/texmf-dist/tex/generic/pgf/basiclayer/pgfcorepathusage.code
.tex
File: pgfcorepathusage.code.tex 2014/11/02  (rcs-revision 1.24)
\pgf@shorten@end@additional=\dimen155
\pgf@shorten@start@additional=\dimen156
)
(/usr/share/texlive/texmf-dist/tex/generic/pgf/basiclayer/pgfcorescopes.code.te
x
File: pgfcorescopes.code.tex 2015/05/08  (rcs-revision 1.46)
\pgfpic=\box36
\pgf@hbox=\box37
\pgf@layerbox@main=\box38
\pgf@picture@serial@count=\count115
)
(/usr/share/texlive/texmf-dist/tex/generic/pgf/basiclayer/pgfcoregraphicstate.c
ode.tex
File: pgfcoregraphicstate.code.tex 2014/11/02  (rcs-revision 1.12)
\pgflinewidth=\dimen157
)
(/usr/share/texlive/texmf-dist/tex/generic/pgf/basiclayer/pgfcoretransformation
s.code.tex
File: pgfcoretransformations.code.tex 2015/08/07  (rcs-revision 1.20)
\pgf@pt@x=\dimen158
\pgf@pt@y=\dimen159
\pgf@pt@temp=\dimen160
)
(/usr/share/texlive/texmf-dist/tex/generic/pgf/basiclayer/pgfcorequick.code.tex
File: pgfcorequick.code.tex 2008/10/09  (rcs-revision 1.3)
)
(/usr/share/texlive/texmf-dist/tex/generic/pgf/basiclayer/pgfcoreobjects.code.t
ex
File: pgfcoreobjects.code.tex 2006/10/11  (rcs-revision 1.2)
)
(/usr/share/texlive/texmf-dist/tex/generic/pgf/basiclayer/pgfcorepathprocessing
.code.tex
File: pgfcorepathprocessing.code.tex 2013/09/09  (rcs-revision 1.9)
)
(/usr/share/texlive/texmf-dist/tex/generic/pgf/basiclayer/pgfcorearrows.code.te
x
File: pgfcorearrows.code.tex 2015/05/14  (rcs-revision 1.43)
\pgfarrowsep=\dimen161
)
(/usr/share/texlive/texmf-dist/tex/generic/pgf/basiclayer/pgfcoreshade.code.tex
File: pgfcoreshade.code.tex 2013/07/15  (rcs-revision 1.15)
\pgf@max=\dimen162
\pgf@sys@shading@range@num=\count116
)
(/usr/share/texlive/texmf-dist/tex/generic/pgf/basiclayer/pgfcoreimage.code.tex
File: pgfcoreimage.code.tex 2013/07/15  (rcs-revision 1.18)

(/usr/share/texlive/texmf-dist/tex/generic/pgf/basiclayer/pgfcoreexternal.code.
tex
File: pgfcoreexternal.code.tex 2014/07/09  (rcs-revision 1.21)
\pgfexternal@startupbox=\box39
))
(/usr/share/texlive/texmf-dist/tex/generic/pgf/basiclayer/pgfcorelayers.code.te
x
File: pgfcorelayers.code.tex 2013/07/18  (rcs-revision 1.7)
)
(/usr/share/texlive/texmf-dist/tex/generic/pgf/basiclayer/pgfcoretransparency.c
ode.tex
File: pgfcoretransparency.code.tex 2013/09/30  (rcs-revision 1.5)
)
(/usr/share/texlive/texmf-dist/tex/generic/pgf/basiclayer/pgfcorepatterns.code.
tex
File: pgfcorepatterns.code.tex 2013/11/07  (rcs-revision 1.5)
))) (/usr/share/texlive/texmf-dist/tex/latex/pgf/utilities/xxcolor.sty
Package: xxcolor 2003/10/24 ver 0.1
\XC@nummixins=\count117
\XC@countmixins=\count118
)
(/usr/share/texlive/texmf-dist/tex/generic/oberdiek/atbegshi.sty
Package: atbegshi 2016/06/09 v1.18 At begin shipout hook (HO)

(/usr/share/texlive/texmf-dist/tex/generic/oberdiek/infwarerr.sty
Package: infwarerr 2016/05/16 v1.4 Providing info/warning/error messages (HO)
)
(/usr/share/texlive/texmf-dist/tex/generic/oberdiek/ltxcmds.sty
Package: ltxcmds 2016/05/16 v1.23 LaTeX kernel commands for general use (HO)
))
(/usr/share/texlive/texmf-dist/tex/latex/hyperref/hyperref.sty
Package: hyperref 2018/02/06 v6.86b Hypertext links for LaTeX

(/usr/share/texlive/texmf-dist/tex/generic/oberdiek/hobsub-hyperref.sty
Package: hobsub-hyperref 2016/05/16 v1.14 Bundle oberdiek, subset hyperref (HO)


(/usr/share/texlive/texmf-dist/tex/generic/oberdiek/hobsub-generic.sty
Package: hobsub-generic 2016/05/16 v1.14 Bundle oberdiek, subset generic (HO)
Package: hobsub 2016/05/16 v1.14 Construct package bundles (HO)
Package hobsub Info: Skipping package `infwarerr' (already loaded).
Package hobsub Info: Skipping package `ltxcmds' (already loaded).
Package: ifluatex 2016/05/16 v1.4 Provides the ifluatex switch (HO)
Package ifluatex Info: LuaTeX not detected.
Package hobsub Info: Skipping package `ifvtex' (already loaded).
Package: intcalc 2016/05/16 v1.2 Expandable calculations with integers (HO)
Package hobsub Info: Skipping package `ifpdf' (already loaded).
Package: etexcmds 2016/05/16 v1.6 Avoid name clashes with e-TeX commands (HO)
Package etexcmds Info: Could not find \expanded.
(etexcmds)             That can mean that you are not using pdfTeX 1.50 or
(etexcmds)             that some package has redefined \expanded.
(etexcmds)             In the latter case, load this package earlier.
Package: kvsetkeys 2016/05/16 v1.17 Key value parser (HO)
Package: kvdefinekeys 2016/05/16 v1.4 Define keys (HO)
Package: pdftexcmds 2018/01/21 v0.26 Utility functions of pdfTeX for LuaTeX (HO
)
Package pdftexcmds Info: LuaTeX not detected.
Package pdftexcmds Info: \pdf@primitive is available.
Package pdftexcmds Info: \pdf@ifprimitive is available.
Package pdftexcmds Info: \pdfdraftmode found.
Package: pdfescape 2016/05/16 v1.14 Implements pdfTeX's escape features (HO)
Package: bigintcalc 2016/05/16 v1.4 Expandable calculations on big integers (HO
)
Package: bitset 2016/05/16 v1.2 Handle bit-vector datatype (HO)
Package: uniquecounter 2016/05/16 v1.3 Provide unlimited unique counter (HO)
)
Package hobsub Info: Skipping package `hobsub' (already loaded).
Package: letltxmacro 2016/05/16 v1.5 Let assignment for LaTeX macros (HO)
Package: hopatch 2016/05/16 v1.3 Wrapper for package hooks (HO)
Package: xcolor-patch 2016/05/16 xcolor patch
Package: atveryend 2016/05/16 v1.9 Hooks at the very end of document (HO)
Package hobsub Info: Skipping package `atbegshi' (already loaded).
Package: refcount 2016/05/16 v3.5 Data extraction from label references (HO)
Package: hycolor 2016/05/16 v1.8 Color options for hyperref/bookmark (HO)
)
(/usr/share/texlive/texmf-dist/tex/latex/oberdiek/auxhook.sty
Package: auxhook 2016/05/16 v1.4 Hooks for auxiliary files (HO)
)
(/usr/share/texlive/texmf-dist/tex/latex/oberdiek/kvoptions.sty
Package: kvoptions 2016/05/16 v3.12 Key value format for package options (HO)
)
\@linkdim=\dimen163
\Hy@linkcounter=\count119
\Hy@pagecounter=\count120

(/usr/share/texlive/texmf-dist/tex/latex/hyperref/pd1enc.def
File: pd1enc.def 2018/02/06 v6.86b Hyperref: PDFDocEncoding definition (HO)
)
\Hy@SavedSpaceFactor=\count121

(/usr/share/texlive/texmf-dist/tex/latex/latexconfig/hyperref.cfg
File: hyperref.cfg 2002/06/06 v1.2 hyperref configuration of TeXLive
)
Package hyperref Info: Option `bookmarks' set `true' on input line 4383.
Package hyperref Info: Option `bookmarksopen' set `true' on input line 4383.
Package hyperref Info: Option `implicit' set `false' on input line 4383.
Package hyperref Info: Hyper figures OFF on input line 4509.
Package hyperref Info: Link nesting OFF on input line 4514.
Package hyperref Info: Hyper index ON on input line 4517.
Package hyperref Info: Plain pages OFF on input line 4524.
Package hyperref Info: Backreferencing OFF on input line 4529.
Package hyperref Info: Implicit mode OFF; no redefinition of LaTeX internals.
Package hyperref Info: Bookmarks ON on input line 4762.
\c@Hy@tempcnt=\count122

(/usr/share/texlive/texmf-dist/tex/latex/url/url.sty
\Urlmuskip=\muskip10
Package: url 2013/09/16  ver 3.4  Verb mode for urls, etc.
)
LaTeX Info: Redefining \url on input line 5115.
\XeTeXLinkMargin=\dimen164
\Fld@menulength=\count123
\Field@Width=\dimen165
\Fld@charsize=\dimen166
Package hyperref Info: Hyper figures OFF on input line 6369.
Package hyperref Info: Link nesting OFF on input line 6374.
Package hyperref Info: Hyper index ON on input line 6377.
Package hyperref Info: backreferencing OFF on input line 6384.
Package hyperref Info: Link coloring OFF on input line 6389.
Package hyperref Info: Link coloring with OCG OFF on input line 6394.
Package hyperref Info: PDF/A mode OFF on input line 6399.
LaTeX Info: Redefining \ref on input line 6439.
LaTeX Info: Redefining \pageref on input line 6443.
\Hy@abspage=\count124


Package hyperref Message: Stopped early.

)
Package hyperref Info: Driver (autodetected): hpdftex.
 (/usr/share/texlive/texmf-dist/tex/latex/hyperref/hpdftex.def
File: hpdftex.def 2018/02/06 v6.86b Hyperref driver for pdfTeX
\Fld@listcount=\count125
\c@bookmark@seq@number=\count126

(/usr/share/texlive/texmf-dist/tex/latex/oberdiek/rerunfilecheck.sty
Package: rerunfilecheck 2016/05/16 v1.8 Rerun checks for auxiliary files (HO)
Package uniquecounter Info: New unique counter `rerunfilecheck' on input line 2
82.
))
(/usr/share/texlive/texmf-dist/tex/latex/beamer/beamerbaserequires.sty
(/usr/share/texlive/texmf-dist/tex/latex/beamer/beamerbasecompatibility.sty)
(/usr/share/texlive/texmf-dist/tex/latex/beamer/beamerbasefont.sty
(/usr/share/texlive/texmf-dist/tex/latex/amsfonts/amssymb.sty
Package: amssymb 2013/01/14 v3.01 AMS font symbols

(/usr/share/texlive/texmf-dist/tex/latex/amsfonts/amsfonts.sty
Package: amsfonts 2013/01/14 v3.01 Basic AMSFonts support
\@emptytoks=\toks26
\symAMSa=\mathgroup4
\symAMSb=\mathgroup5
LaTeX Font Info:    Overwriting math alphabet `\mathfrak' in version `bold'
(Font)                  U/euf/m/n --> U/euf/b/n on input line 106.
))
(/usr/share/texlive/texmf-dist/tex/latex/sansmathaccent/sansmathaccent.sty
Package: sansmathaccent 2013/03/28

(/usr/share/texlive/texmf-dist/tex/latex/filehook/filehook.sty
Package: filehook 2011/10/12 v0.5d Hooks for input files
)))
(/usr/share/texlive/texmf-dist/tex/latex/beamer/beamerbasetranslator.sty
(/usr/share/texlive/texmf-dist/tex/latex/translator/translator.sty
Package: translator 2018/01/04 v1.12 Easy translation of strings in LaTeX
))
(/usr/share/texlive/texmf-dist/tex/latex/beamer/beamerbasemisc.sty)
(/usr/share/texlive/texmf-dist/tex/latex/beamer/beamerbasetwoscreens.sty)
(/usr/share/texlive/texmf-dist/tex/latex/beamer/beamerbaseoverlay.sty
\beamer@argscount=\count127
\beamer@lastskipcover=\skip44
\beamer@trivlistdepth=\count128
)
(/usr/share/texlive/texmf-dist/tex/latex/beamer/beamerbasetitle.sty)
(/usr/share/texlive/texmf-dist/tex/latex/beamer/beamerbasesection.sty
\c@lecture=\count129
\c@part=\count130
\c@section=\count131
\c@subsection=\count132
\c@subsubsection=\count133
)
(/usr/share/texlive/texmf-dist/tex/latex/beamer/beamerbaseframe.sty
\beamer@framebox=\box40
\beamer@frametitlebox=\box41
\beamer@zoombox=\box42
\beamer@zoomcount=\count134
\beamer@zoomframecount=\count135
\beamer@frametextheight=\dimen167
\c@subsectionslide=\count136
\beamer@frametopskip=\skip45
\beamer@framebottomskip=\skip46
\beamer@frametopskipautobreak=\skip47
\beamer@framebottomskipautobreak=\skip48
\beamer@envbody=\toks27
\framewidth=\dimen168
\c@framenumber=\count137
)
(/usr/share/texlive/texmf-dist/tex/latex/beamer/beamerbaseverbatim.sty
\beamer@verbatimfileout=\write4
)
(/usr/share/texlive/texmf-dist/tex/latex/beamer/beamerbaseframesize.sty
\beamer@splitbox=\box43
\beamer@autobreakcount=\count138
\beamer@autobreaklastheight=\dimen169
\beamer@frametitletoks=\toks28
\beamer@framesubtitletoks=\toks29
)
(/usr/share/texlive/texmf-dist/tex/latex/beamer/beamerbaseframecomponents.sty
\beamer@footins=\box44
)
(/usr/share/texlive/texmf-dist/tex/latex/beamer/beamerbasecolor.sty
\beamer@bg@ht=\dimen170
\beamer@bg@wd=\dimen171
\beamer@bg@dp=\dimen172
)
(/usr/share/texlive/texmf-dist/tex/latex/beamer/beamerbasenotes.sty
\beamer@frameboxcopy=\box45
)
(/usr/share/texlive/texmf-dist/tex/latex/beamer/beamerbasetoc.sty)
(/usr/share/texlive/texmf-dist/tex/latex/beamer/beamerbasetemplates.sty
\beamer@sbttoks=\toks30

(/usr/share/texlive/texmf-dist/tex/latex/beamer/beamerbaseauxtemplates.sty
(/usr/share/texlive/texmf-dist/tex/latex/beamer/beamerbaseboxes.sty
\bmb@box=\box46
\bmb@colorbox=\box47
\bmb@boxshadow=\box48
\bmb@boxshadowball=\box49
\bmb@boxshadowballlarge=\box50
\bmb@temp=\dimen173
\bmb@dima=\dimen174
\bmb@dimb=\dimen175
\bmb@prevheight=\dimen176
)
\beamer@blockheadheight=\dimen177
))
(/usr/share/texlive/texmf-dist/tex/latex/beamer/beamerbaselocalstructure.sty
(/usr/share/texlive/texmf-dist/tex/latex/tools/enumerate.sty
Package: enumerate 2015/07/23 v3.00 enumerate extensions (DPC)
\@enLab=\toks31
)
\c@figure=\count139
\c@table=\count140
\abovecaptionskip=\skip49
\belowcaptionskip=\skip50
)
(/usr/share/texlive/texmf-dist/tex/latex/beamer/beamerbasenavigation.sty
\beamer@section@min@dim=\dimen178
)
(/usr/share/texlive/texmf-dist/tex/latex/beamer/beamerbasetheorems.sty
(/usr/share/texlive/texmf-dist/tex/latex/amsmath/amsmath.sty
Package: amsmath 2017/09/02 v2.17a AMS math features
\@mathmargin=\skip51

For additional information on amsmath, use the `?' option.
(/usr/share/texlive/texmf-dist/tex/latex/amsmath/amstext.sty
Package: amstext 2000/06/29 v2.01 AMS text

(/usr/share/texlive/texmf-dist/tex/latex/amsmath/amsgen.sty
File: amsgen.sty 1999/11/30 v2.0 generic functions
\@emptytoks=\toks32
\ex@=\dimen179
))
(/usr/share/texlive/texmf-dist/tex/latex/amsmath/amsbsy.sty
Package: amsbsy 1999/11/29 v1.2d Bold Symbols
\pmbraise@=\dimen180
)
(/usr/share/texlive/texmf-dist/tex/latex/amsmath/amsopn.sty
Package: amsopn 2016/03/08 v2.02 operator names
)
\inf@bad=\count141
LaTeX Info: Redefining \frac on input line 213.
\uproot@=\count142
\leftroot@=\count143
LaTeX Info: Redefining \overline on input line 375.
\classnum@=\count144
\DOTSCASE@=\count145
LaTeX Info: Redefining \ldots on input line 472.
LaTeX Info: Redefining \dots on input line 475.
LaTeX Info: Redefining \cdots on input line 596.
\Mathstrutbox@=\box51
\strutbox@=\box52
\big@size=\dimen181
LaTeX Font Info:    Redeclaring font encoding OML on input line 712.
LaTeX Font Info:    Redeclaring font encoding OMS on input line 713.
\macc@depth=\count146
\c@MaxMatrixCols=\count147
\dotsspace@=\muskip11
\c@parentequation=\count148
\dspbrk@lvl=\count149
\tag@help=\toks33
\row@=\count150
\column@=\count151
\maxfields@=\count152
\andhelp@=\toks34
\eqnshift@=\dimen182
\alignsep@=\dimen183
\tagshift@=\dimen184
\tagwidth@=\dimen185
\totwidth@=\dimen186
\lineht@=\dimen187
\@envbody=\toks35
\multlinegap=\skip52
\multlinetaggap=\skip53
\mathdisplay@stack=\toks36
LaTeX Info: Redefining \[ on input line 2817.
LaTeX Info: Redefining \] on input line 2818.
)
(/usr/share/texlive/texmf-dist/tex/latex/amscls/amsthm.sty
Package: amsthm 2017/10/31 v2.20.4
\thm@style=\toks37
\thm@bodyfont=\toks38
\thm@headfont=\toks39
\thm@notefont=\toks40
\thm@headpunct=\toks41
\thm@preskip=\skip54
\thm@postskip=\skip55
\thm@headsep=\skip56
\dth@everypar=\toks42
)
\c@theorem=\count153
)
(/usr/share/texlive/texmf-dist/tex/latex/beamer/beamerbasethemes.sty))
(/usr/share/texlive/texmf-dist/tex/latex/beamer/beamerthemedefault.sty
(/usr/share/texlive/texmf-dist/tex/latex/beamer/beamerfontthemedefault.sty)
(/usr/share/texlive/texmf-dist/tex/latex/beamer/beamercolorthemedefault.sty)
(/usr/share/texlive/texmf-dist/tex/latex/beamer/beamerinnerthemedefault.sty
\beamer@dima=\dimen188
\beamer@dimb=\dimen189
)
(/usr/share/texlive/texmf-dist/tex/latex/beamer/beamerouterthemedefault.sty)))
(/usr/share/texlive/texmf-dist/tex/generic/babel/babel.sty
Package: babel 2018/02/14 3.18 The Babel package

(/usr/share/texlive/texmf-dist/tex/generic/babel/switch.def
File: switch.def 2018/02/14 3.18 Babel switching mechanism
)
(/usr/share/texlive/texmf-dist/tex/generic/babel-spanish/spanish.ldf
Language: spanish.ldf 2016/03/03 v5.0p Spanish support from the babel system

(/usr/share/texlive/texmf-dist/tex/generic/babel/babel.def
File: babel.def 2018/02/14 3.18 Babel common definitions
\babel@savecnt=\count154
\U@D=\dimen190

(/usr/share/texlive/texmf-dist/tex/generic/babel/txtbabel.def)
LaTeX Info: Redefining \textlatin on input line 1839.
\bbl@dirlevel=\count155
)
\es@quottoks=\toks43
\es@quotdepth=\count156
Package babel Info: Making " an active character on input line 561.
)) (./ru.sty
(/usr/share/texlive/texmf-dist/tex/latex/beamer/beamerouterthemesplit.sty)
(/usr/share/texlive/texmf-dist/tex/latex/beamer/beamercolorthemewhale.sty)
(/usr/share/texlive/texmf-dist/tex/latex/beamer/beamerinnerthemerounded.sty)
(/usr/share/texlive/texmf-dist/tex/latex/beamer/beamercolorthemeorchid.sty)
(/usr/share/texlive/texmf-dist/tex/latex/beamer/beamercolorthemestructure.sty))
(/usr/share/texlive/texmf-dist/tex/latex/textpos/textpos.sty
Package: textpos 2016/06/07 v1.8

Package: textpos 2016/06/07 1.8, absolute positioning of text on the page
\TP@textbox=\box53
\TPHorizModule=\dimen191
\TPVertModule=\dimen192
\TP@margin=\dimen193
\TP@absmargin=\dimen194
Grid set 16 x 16 = 22.7622pt x 17.07166pt
\TPboxrulesize=\dimen195
\TP@tbargs=\toks44
\TP@prevdepth=\dimen196
) (/usr/share/texlive/texmf-dist/tex/latex/amsmath/amscd.sty
Package: amscd 2017/04/14 v2.1 AMS Commutative Diagrams
\athelp@=\toks45
\minaw@=\dimen197
\bigaw@=\dimen198
\minCDarrowwidth=\dimen199
)
(/usr/share/texlive/texmf-dist/tex/latex/appendix/appendix.sty
Package: appendix 2009/09/02 v1.2b extra appendix facilities
\c@@pps=\count157
\c@@ppsavesec=\count158
\c@@ppsaveapp=\count159
)
(/usr/share/texlive/texmf-dist/tex/latex/multirow/multirow.sty
Package: multirow 2016/11/25 v2.2 Span multiple rows of a table
\multirow@colwidth=\skip57
\multirow@cntb=\count160
\multirow@dima=\skip58
\bigstrutjot=\dimen256
)
(/usr/share/texlive/texmf-dist/tex/latex/amsfonts/eucal.sty
Package: eucal 2009/06/22 v3.00 Euler Script fonts
LaTeX Font Info:    Overwriting math alphabet `\EuScript' in version `bold'
(Font)                  U/eus/m/n --> U/eus/b/n on input line 33.
)
(/usr/share/texlive/texmf-dist/tex/latex/fancyhdr/fancyhdr.sty
Package: fancyhdr 2017/06/30 v3.9a Extensive control of page headers and footer
s
\f@nch@headwidth=\skip59
\f@nch@O@elh=\skip60
\f@nch@O@erh=\skip61
\f@nch@O@olh=\skip62
\f@nch@O@orh=\skip63
\f@nch@O@elf=\skip64
\f@nch@O@erf=\skip65
\f@nch@O@olf=\skip66
\f@nch@O@orf=\skip67
)
(/usr/share/texlive/texmf-dist/tex/latex/supertabular/supertabular.sty
Package: supertabular 2004/02/20 v4.1e the supertabular environment
\c@tracingst=\count161
\ST@wd=\dimen257
\ST@rightskip=\skip68
\ST@leftskip=\skip69
\ST@parfillskip=\skip70
\ST@pageleft=\dimen258
\ST@headht=\dimen259
\ST@tailht=\dimen260
\ST@pagesofar=\dimen261
\ST@pboxht=\dimen262
\ST@lineht=\dimen263
\ST@stretchht=\dimen264
\ST@prevht=\dimen265
\ST@toadd=\dimen266
\ST@dimen=\dimen267
\ST@pbox=\box54
)
(/usr/share/texlive/texmf-dist/tex/latex/fancybox/fancybox.sty
Package: fancybox 2010/05/15 1.4

Style option: `fancybox' v1.4 <2010/05/15> (tvz)
\@fancybox=\box55
\shadowsize=\dimen268
\@Sbox=\box56
\do@VerbBox=\toks46
\the@fancyput=\toks47
\this@fancyput=\toks48
\EndVerbatimTokens=\toks49
\Verbatim@Outfile=\write5
\Verbatim@Infile=\read2
) (/usr/share/texlive/texmf-dist/tex/latex/tools/array.sty
Package: array 2016/10/06 v2.4d Tabular extension package (FMi)
\col@sep=\dimen269
\extrarowheight=\dimen270
\NC@list=\toks50
\extratabsurround=\skip71
\backup@length=\skip72
)
(/usr/share/texlive/texmf-dist/tex/latex/booktabs/booktabs.sty
Package: booktabs 2016/04/27 v1.618033 publication quality tables
\heavyrulewidth=\dimen271
\lightrulewidth=\dimen272
\cmidrulewidth=\dimen273
\belowrulesep=\dimen274
\belowbottomsep=\dimen275
\aboverulesep=\dimen276
\abovetopsep=\dimen277
\cmidrulesep=\dimen278
\cmidrulekern=\dimen279
\defaultaddspace=\dimen280
\@cmidla=\count162
\@cmidlb=\count163
\@aboverulesep=\dimen281
\@belowrulesep=\dimen282
\@thisruleclass=\count164
\@lastruleclass=\count165
\@thisrulewidth=\dimen283
)
(/usr/share/texlive/texmf-dist/tex/latex/soul/soul.sty
Package: soul 2003/11/17 v2.4 letterspacing/underlining (mf)
\SOUL@word=\toks51
\SOUL@lasttoken=\toks52
\SOUL@cmds=\toks53
\SOUL@buffer=\toks54
\SOUL@token=\toks55
\SOUL@spaceskip=\skip73
\SOUL@ttwidth=\dimen284
\SOUL@uldp=\dimen285
\SOUL@ulht=\dimen286
)
(/usr/share/texlive/texmf-dist/tex/latex/eepic/epic.sty
Enhancements to Picture Environment. Version 1.2 - Released June 1, 1986
\@@multicnt=\count166
\d@lta=\count167
\@delta=\dimen287
\@@delta=\dimen288
\@gridcnt=\count168
\@joinkind=\count169
\@dotgap=\dimen289
\@ddotgap=\dimen290
\@x@diff=\count170
\@y@diff=\count171
\x@diff=\dimen291
\y@diff=\dimen292
\@dotbox=\box57
\num@segments=\count172
\num@segmentsi=\count173
\@datafile=\read3
) (/usr/share/texlive/texmf-dist/tex/latex/float/float.sty
Package: float 2001/11/08 v1.3d Float enhancements (AL)
\c@float@type=\count174
\float@exts=\toks56
\float@box=\box58
\@float@everytoks=\toks57
\@floatcapt=\box59
)
(/usr/share/texlive/texmf-dist/tex/latex/caption/subcaption.sty
Package: subcaption 2016/05/22 v1.1-161 Sub-captions (AR)

(/usr/share/texlive/texmf-dist/tex/latex/caption/caption.sty
Package: caption 2016/02/21 v3.3-144 Customizing captions (AR)

(/usr/share/texlive/texmf-dist/tex/latex/caption/caption3.sty
Package: caption3 2016/05/22 v1.7-166 caption3 kernel (AR)
Package caption3 Info: TeX engine: e-TeX on input line 67.
\captionmargin=\dimen293
\captionmargin@=\dimen294
\captionwidth=\dimen295
\caption@tempdima=\dimen296
\caption@indent=\dimen297
\caption@parindent=\dimen298
\caption@hangindent=\dimen299
)
\c@ContinuedFloat=\count175
Package caption Info: beamer document class.
Package caption Info: float package is loaded.
Package caption Info: hyperref package is loaded.
Package caption Info: Hyperref support is turned off
(caption)             because hyperref has stopped early.
Package caption Info: supertabular package is loaded.
)
\c@subfigure=\count176
\c@subtable=\count177
)

Package hyperref Warning: Token not allowed in a PDF string (PDFDocEncoding):
(hyperref)                removing `\\' on input line 41.


Package hyperref Warning: Token not allowed in a PDF string (PDFDocEncoding):
(hyperref)                removing `\new@ifnextchar' on input line 41.


Package hyperref Warning: Token not allowed in a PDF string (PDFDocEncoding):
(hyperref)                removing `\medskipamount' on input line 41.


Package hyperref Warning: Token not allowed in a PDF string (PDFDocEncoding):
(hyperref)                removing `\begingroup' on input line 41.


Package hyperref Warning: Token not allowed in a PDF string (PDFDocEncoding):
(hyperref)                removing `\catcode' on input line 41.


Package hyperref Warning: Token not allowed in a PDF string (PDFDocEncoding):
(hyperref)                removing `\active' on input line 41.


Package hyperref Warning: Token not allowed in a PDF string (PDFDocEncoding):
(hyperref)                removing `\<def>-command' on input line 41.


Package hyperref Warning: Token not allowed in a PDF string (PDFDocEncoding):
(hyperref)                removing `\csname\endcsname' on input line 41.


Package hyperref Warning: Token not allowed in a PDF string (PDFDocEncoding):
(hyperref)                removing `\catcode' on input line 41.


Package hyperref Warning: Token not allowed in a PDF string (PDFDocEncoding):
(hyperref)                removing `\active' on input line 41.


Package hyperref Warning: Token not allowed in a PDF string (PDFDocEncoding):
(hyperref)                removing `\<let>-command' on input line 41.


Package hyperref Warning: Token not allowed in a PDF string (PDFDocEncoding):
(hyperref)                removing `\csname\endcsname' on input line 41.


Package hyperref Warning: Token not allowed in a PDF string (PDFDocEncoding):
(hyperref)                removing `\<let>-command' on input line 41.


Package hyperref Warning: Token not allowed in a PDF string (PDFDocEncoding):
(hyperref)                removing `\%' on input line 41.


Package hyperref Warning: Token not allowed in a PDF string (PDFDocEncoding):
(hyperref)                removing `\catcode' on input line 41.


Package hyperref Warning: Token not allowed in a PDF string (PDFDocEncoding):
(hyperref)                removing `\active' on input line 41.


Package hyperref Warning: Token not allowed in a PDF string (PDFDocEncoding):
(hyperref)                removing `\<def>-command' on input line 41.


Package hyperref Warning: Token not allowed in a PDF string (PDFDocEncoding):
(hyperref)                removing `\csname\endcsname' on input line 41.


Package hyperref Warning: Token not allowed in a PDF string (PDFDocEncoding):
(hyperref)                removing `\<def>-command' on input line 41.


Package hyperref Warning: Token not allowed in a PDF string (PDFDocEncoding):
(hyperref)                removing `\#' on input line 41.


Package hyperref Warning: Token not allowed in a PDF string (PDFDocEncoding):
(hyperref)                removing `\catcode' on input line 41.


Package hyperref Warning: Token not allowed in a PDF string (PDFDocEncoding):
(hyperref)                removing `\<def>-command' on input line 41.


Package hyperref Warning: Token not allowed in a PDF string (PDFDocEncoding):
(hyperref)                removing `\csname\endcsname' on input line 41.


Package hyperref Warning: Token not allowed in a PDF string (PDFDocEncoding):
(hyperref)                removing `\<def>-command' on input line 41.


Package hyperref Warning: Token not allowed in a PDF string (PDFDocEncoding):
(hyperref)                removing `\&' on input line 41.


Package hyperref Warning: Token not allowed in a PDF string (PDFDocEncoding):
(hyperref)                removing `\<def>-command' on input line 41.


Package hyperref Warning: Token not allowed in a PDF string (PDFDocEncoding):
(hyperref)                removing `\textunderscore' on input line 41.


Package hyperref Warning: Token not allowed in a PDF string (PDFDocEncoding):
(hyperref)                removing `\<let>-command' on input line 41.


Package hyperref Warning: Token not allowed in a PDF string (PDFDocEncoding):
(hyperref)                removing `\_' on input line 41.


Package hyperref Warning: Token not allowed in a PDF string (PDFDocEncoding):
(hyperref)                removing `\catcode' on input line 41.


Package hyperref Warning: Token not allowed in a PDF string (PDFDocEncoding):
(hyperref)                removing `\active' on input line 41.


Package hyperref Warning: Token not allowed in a PDF string (PDFDocEncoding):
(hyperref)                removing `\<let>-command' on input line 41.


Package hyperref Warning: Token not allowed in a PDF string (PDFDocEncoding):
(hyperref)                removing `\csname\endcsname' on input line 41.


Package hyperref Warning: Token not allowed in a PDF string (PDFDocEncoding):
(hyperref)                removing `\<let>-command' on input line 41.


Package hyperref Warning: Token not allowed in a PDF string (PDFDocEncoding):
(hyperref)                removing `\csname\endcsname' on input line 41.


Package hyperref Warning: Token not allowed in a PDF string (PDFDocEncoding):
(hyperref)                removing `\<let>-command' on input line 41.


Package hyperref Warning: Token not allowed in a PDF string (PDFDocEncoding):
(hyperref)                removing `\~' on input line 41.


Package hyperref Warning: Token not allowed in a PDF string (PDFDocEncoding):
(hyperref)                removing `\<let>-command' on input line 41.


Package hyperref Warning: Token not allowed in a PDF string (PDFDocEncoding):
(hyperref)                removing `\textasciitilde' on input line 41.


Package hyperref Warning: Token not allowed in a PDF string (PDFDocEncoding):
(hyperref)                removing `\<let>-command' on input line 41.


Package hyperref Warning: Token not allowed in a PDF string (PDFDocEncoding):
(hyperref)                removing `\\' on input line 41.


Package hyperref Warning: Token not allowed in a PDF string (PDFDocEncoding):
(hyperref)                removing `\<def>-command' on input line 41.


Package hyperref Warning: Token not allowed in a PDF string (PDFDocEncoding):
(hyperref)                removing `\csname\endcsname' on input line 41.


Package hyperref Warning: Token not allowed in a PDF string (PDFDocEncoding):
(hyperref)                removing `\<def>-command' on input line 41.


Package hyperref Warning: Token not allowed in a PDF string (PDFDocEncoding):
(hyperref)                removing `\Hy@tempa' on input line 41.


Package hyperref Warning: Token not allowed in a PDF string (PDFDocEncoding):
(hyperref)                removing `\<def>-command' on input line 41.


Package hyperref Warning: Token not allowed in a PDF string (PDFDocEncoding):
(hyperref)                removing `\Hy@tempa' on input line 41.

(./Presentation.aux
LaTeX Info: Redefining \. on input line 20.
LaTeX Info: Redefining \% on input line 20.
)
\openout1 = `Presentation.aux'.

LaTeX Font Info:    Checking defaults for OML/cmm/m/it on input line 56.
LaTeX Font Info:    ... okay on input line 56.
LaTeX Font Info:    Checking defaults for T1/cmr/m/n on input line 56.
LaTeX Font Info:    ... okay on input line 56.
LaTeX Font Info:    Checking defaults for OT1/cmr/m/n on input line 56.
LaTeX Font Info:    ... okay on input line 56.
LaTeX Font Info:    Checking defaults for OMS/cmsy/m/n on input line 56.
LaTeX Font Info:    ... okay on input line 56.
LaTeX Font Info:    Checking defaults for OMX/cmex/m/n on input line 56.
LaTeX Font Info:    ... okay on input line 56.
LaTeX Font Info:    Checking defaults for U/cmr/m/n on input line 56.
LaTeX Font Info:    ... okay on input line 56.
LaTeX Font Info:    Checking defaults for PD1/pdf/m/n on input line 56.
LaTeX Font Info:    ... okay on input line 56.

*geometry* driver: auto-detecting
*geometry* detected driver: pdftex
*geometry* verbose mode - [ preamble ] result:
* driver: pdftex
* paper: custom
* layout: <same size as paper>
* layoutoffset:(h,v)=(0.0pt,0.0pt)
* modes: includehead includefoot 
* h-part:(L,W,R)=(28.45274pt, 307.28987pt, 28.45274pt)
* v-part:(T,H,B)=(0.0pt, 273.14662pt, 0.0pt)
* \paperwidth=364.19536pt
* \paperheight=273.14662pt
* \textwidth=307.28987pt
* \textheight=244.6939pt
* \oddsidemargin=-43.81725pt
* \evensidemargin=-43.81725pt
* \topmargin=-72.26999pt
* \headheight=14.22636pt
* \headsep=0.0pt
* \topskip=11.0pt
* \footskip=14.22636pt
* \marginparwidth=4.0pt
* \marginparsep=10.0pt
* \columnsep=10.0pt
* \skip\footins=10.0pt plus 4.0pt minus 2.0pt
* \hoffset=0.0pt
* \voffset=0.0pt
* \mag=1000
* \@twocolumnfalse
* \@twosidefalse
* \@mparswitchfalse
* \@reversemarginfalse
* (1in=72.27pt=25.4mm, 1cm=28.453pt)

(/usr/share/texlive/texmf-dist/tex/context/base/mkii/supp-pdf.mkii
[Loading MPS to PDF converter (version 2006.09.02).]
\scratchcounter=\count178
\scratchdimen=\dimen300
\scratchbox=\box60
\nofMPsegments=\count179
\nofMParguments=\count180
\everyMPshowfont=\toks58
\MPscratchCnt=\count181
\MPscratchDim=\dimen301
\MPnumerator=\count182
\makeMPintoPDFobject=\count183
\everyMPtoPDFconversion=\toks59
) (/usr/share/texlive/texmf-dist/tex/latex/oberdiek/epstopdf-base.sty
Package: epstopdf-base 2016/05/15 v2.6 Base part for package epstopdf

(/usr/share/texlive/texmf-dist/tex/latex/oberdiek/grfext.sty
Package: grfext 2016/05/16 v1.2 Manage graphics extensions (HO)
)
Package epstopdf-base Info: Redefining graphics rule for `.eps' on input line 4
38.
Package grfext Info: Graphics extension search list:
(grfext)             [.pdf,.png,.jpg,.mps,.jpeg,.jbig2,.jb2,.PDF,.PNG,.JPG,.JPE
G,.JBIG2,.JB2,.eps]
(grfext)             \AppendGraphicsExtensions on input line 456.

(/usr/share/texlive/texmf-dist/tex/latex/latexconfig/epstopdf-sys.cfg
File: epstopdf-sys.cfg 2010/07/13 v1.3 Configuration of (r)epstopdf for TeX Liv
e
))
ABD: EveryShipout initializing macros
\AtBeginShipoutBox=\box61
Package hyperref Info: Link coloring OFF on input line 56.

(/usr/share/texlive/texmf-dist/tex/latex/hyperref/nameref.sty
Package: nameref 2016/05/21 v2.44 Cross-referencing by name of section

(/usr/share/texlive/texmf-dist/tex/generic/oberdiek/gettitlestring.sty
Package: gettitlestring 2016/05/16 v1.5 Cleanup title references (HO)
)
\c@section@level=\count184
)
LaTeX Info: Redefining \ref on input line 56.
LaTeX Info: Redefining \pageref on input line 56.
LaTeX Info: Redefining \nameref on input line 56.

(./Presentation.out) (./Presentation.out)
\@outlinefile=\write6
\openout6 = `Presentation.out'.

LaTeX Font Info:    Overwriting symbol font `operators' in version `normal'
(Font)                  OT1/cmr/m/n --> OT1/cmss/m/n on input line 56.
LaTeX Font Info:    Overwriting symbol font `operators' in version `bold'
(Font)                  OT1/cmr/bx/n --> OT1/cmss/bx/n on input line 56.
\symnumbers=\mathgroup6
\sympureletters=\mathgroup7
LaTeX Font Info:    Overwriting math alphabet `\mathrm' in version `normal'
(Font)                  OT1/cmss/m/n --> OT1/cmr/m/n on input line 56.
LaTeX Font Info:    Redeclaring math alphabet \mathbf on input line 56.
LaTeX Font Info:    Overwriting math alphabet `\mathbf' in version `normal'
(Font)                  OT1/cmr/bx/n --> OT1/cmss/bx/n on input line 56.
LaTeX Font Info:    Overwriting math alphabet `\mathbf' in version `bold'
(Font)                  OT1/cmr/bx/n --> OT1/cmss/bx/n on input line 56.
LaTeX Font Info:    Redeclaring math alphabet \mathsf on input line 56.
LaTeX Font Info:    Overwriting math alphabet `\mathsf' in version `normal'
(Font)                  OT1/cmss/m/n --> OT1/cmss/m/n on input line 56.
LaTeX Font Info:    Overwriting math alphabet `\mathsf' in version `bold'
(Font)                  OT1/cmss/bx/n --> OT1/cmss/m/n on input line 56.
LaTeX Font Info:    Redeclaring math alphabet \mathit on input line 56.
LaTeX Font Info:    Overwriting math alphabet `\mathit' in version `normal'
(Font)                  OT1/cmr/m/it --> OT1/cmss/m/it on input line 56.
LaTeX Font Info:    Overwriting math alphabet `\mathit' in version `bold'
(Font)                  OT1/cmr/bx/it --> OT1/cmss/m/it on input line 56.
LaTeX Font Info:    Redeclaring math alphabet \mathtt on input line 56.
LaTeX Font Info:    Overwriting math alphabet `\mathtt' in version `normal'
(Font)                  OT1/cmtt/m/n --> OT1/cmtt/m/n on input line 56.
LaTeX Font Info:    Overwriting math alphabet `\mathtt' in version `bold'
(Font)                  OT1/cmtt/m/n --> OT1/cmtt/m/n on input line 56.
LaTeX Font Info:    Overwriting symbol font `numbers' in version `bold'
(Font)                  OT1/cmss/m/n --> OT1/cmss/bx/n on input line 56.
LaTeX Font Info:    Overwriting symbol font `pureletters' in version `bold'
(Font)                  OT1/cmss/m/it --> OT1/cmss/bx/it on input line 56.
LaTeX Font Info:    Overwriting math alphabet `\mathrm' in version `bold'
(Font)                  OT1/cmss/bx/n --> OT1/cmr/bx/n on input line 56.
LaTeX Font Info:    Overwriting math alphabet `\mathbf' in version `bold'
(Font)                  OT1/cmss/bx/n --> OT1/cmss/bx/n on input line 56.
LaTeX Font Info:    Overwriting math alphabet `\mathsf' in version `bold'
(Font)                  OT1/cmss/m/n --> OT1/cmss/bx/n on input line 56.
LaTeX Font Info:    Overwriting math alphabet `\mathit' in version `bold'
(Font)                  OT1/cmss/m/it --> OT1/cmss/bx/it on input line 56.
LaTeX Font Info:    Overwriting math alphabet `\mathtt' in version `bold'
(Font)                  OT1/cmtt/m/n --> OT1/cmtt/bx/n on input line 56.
LaTeX Font Info:    Redeclaring symbol font `pureletters' on input line 56.
LaTeX Font Info:    Overwriting symbol font `pureletters' in version `normal'
(Font)                  OT1/cmss/m/it --> OT1/mathkerncmss/m/sl on input line 5
6.
LaTeX Font Info:    Overwriting symbol font `pureletters' in version `bold'
(Font)                  OT1/cmss/bx/it --> OT1/mathkerncmss/m/sl on input line 
56.
LaTeX Font Info:    Overwriting symbol font `pureletters' in version `bold'
(Font)                  OT1/mathkerncmss/m/sl --> OT1/mathkerncmss/bx/sl on inp
ut line 56.

(/usr/share/texlive/texmf-dist/tex/latex/translator/translator-basic-dictionary
-English.dict
Dictionary: translator-basic-dictionary, Language: English 
)
(/usr/share/texlive/texmf-dist/tex/latex/translator/translator-bibliography-dic
tionary-English.dict
Dictionary: translator-bibliography-dictionary, Language: English 
)
(/usr/share/texlive/texmf-dist/tex/latex/translator/translator-environment-dict
ionary-English.dict
Dictionary: translator-environment-dictionary, Language: English 
)
(/usr/share/texlive/texmf-dist/tex/latex/translator/translator-months-dictionar
y-English.dict
Dictionary: translator-months-dictionary, Language: English 
)
(/usr/share/texlive/texmf-dist/tex/latex/translator/translator-numbers-dictiona
ry-English.dict
Dictionary: translator-numbers-dictionary, Language: English 
)
(/usr/share/texlive/texmf-dist/tex/latex/translator/translator-theorem-dictiona
ry-English.dict
Dictionary: translator-theorem-dictionary, Language: English 
)
LaTeX Info: Redefining \. on input line 56.
LaTeX Info: Redefining \% on input line 56.
Package caption Info: Begin \AtBeginDocument code.
Package caption Info: End \AtBeginDocument code.
 (./Presentation.nav)
Overfull \hbox (107.57608pt too wide) in paragraph at lines 56--56
 [][][][]  
 []


Overfull \vbox (2.00009pt too high) detected at line 56
 []


Overfull \hbox (15.57819pt too wide) in paragraph at lines 56--56
[][][]  
 []


Overfull \vbox (3.49988pt too high) detected at line 56
 []

LaTeX Font Info:    Try loading font information for U+msa on input line 60.
(/usr/share/texlive/texmf-dist/tex/latex/amsfonts/umsa.fd
File: umsa.fd 2013/01/14 v3.01 AMS symbols A
)
LaTeX Font Info:    Try loading font information for U+msb on input line 60.

(/usr/share/texlive/texmf-dist/tex/latex/amsfonts/umsb.fd
File: umsb.fd 2013/01/14 v3.01 AMS symbols B
)
LaTeX Font Info:    Try loading font information for OT1+mathkerncmss on input 
line 60.

(/usr/share/texlive/texmf-dist/tex/latex/sansmathaccent/ot1mathkerncmss.fd
File: ot1mathkerncmss.fd 2013/03/27 Fontinst v1.933 font definitions for OT1/ma
thkerncmss.
)
Overfull \vbox (2.00009pt too high) has occurred while \output is active []


Overfull \hbox (15.57819pt too wide) has occurred while \output is active
[][][]  
 []


Overfull \vbox (3.49988pt too high) has occurred while \output is active []


Overfull \hbox (107.57608pt too wide) has occurred while \output is active
 [][][][]  
 []

[1{/var/lib/texmf/fonts/map/pdftex/updmap/pdftex.map}

 <./ru_background.pdf> <./logopdf.pdf>]
Overfull \vbox (2.00009pt too high) has occurred while \output is active []


Overfull \hbox (15.57819pt too wide) has occurred while \output is active
[][][]  
 []


Overfull \vbox (3.49988pt too high) has occurred while \output is active []


Overfull \hbox (107.57608pt too wide) has occurred while \output is active
 [][][][]  
 []

[2

 <./logopdf.pdf>]
Overfull \vbox (2.00009pt too high) has occurred while \output is active []


Overfull \hbox (15.57819pt too wide) has occurred while \output is active
[][][]  
 []


Overfull \vbox (3.49988pt too high) has occurred while \output is active []


Overfull \hbox (107.57608pt too wide) has occurred while \output is active
 [][][][]  
 []

[3

 <./logopdf.pdf>]
Overfull \vbox (2.00009pt too high) has occurred while \output is active []


Overfull \hbox (15.57819pt too wide) has occurred while \output is active
[][][]  
 []


Overfull \vbox (3.49988pt too high) has occurred while \output is active []


Overfull \hbox (107.57608pt too wide) has occurred while \output is active
 [][][][]  
 []

[4

 <./logopdf.pdf>]
Overfull \vbox (2.00009pt too high) has occurred while \output is active []


Overfull \hbox (15.57819pt too wide) has occurred while \output is active
[][][]  
 []


Overfull \vbox (3.49988pt too high) has occurred while \output is active []


Overfull \hbox (107.57608pt too wide) has occurred while \output is active
 [][][][]  
 []

[5

 <./logopdf.pdf>]
Overfull \vbox (2.00009pt too high) has occurred while \output is active []


Overfull \hbox (15.57819pt too wide) has occurred while \output is active
[][][]  
 []


Overfull \vbox (3.49988pt too high) has occurred while \output is active []


Overfull \hbox (107.57608pt too wide) has occurred while \output is active
 [][][][]  
 []

[6

 <./logopdf.pdf>]
Overfull \vbox (2.00009pt too high) has occurred while \output is active []


Overfull \hbox (15.57819pt too wide) has occurred while \output is active
[][][]  
 []


Overfull \vbox (3.49988pt too high) has occurred while \output is active []


Overfull \hbox (107.57608pt too wide) has occurred while \output is active
 [][][][]  
 []

[7

 <./logopdf.pdf>]
Overfull \vbox (2.00009pt too high) has occurred while \output is active []


Overfull \hbox (15.57819pt too wide) has occurred while \output is active
[][][]  
 []


Overfull \vbox (3.49988pt too high) has occurred while \output is active []


Overfull \hbox (107.57608pt too wide) has occurred while \output is active
 [][][][]  
 []

[8

 <./logopdf.pdf>] (./Presentation.toc
LaTeX Info: Redefining \. on input line 1.
LaTeX Info: Redefining \% on input line 1.
)
Overfull \vbox (2.00009pt too high) has occurred while \output is active []


Overfull \hbox (15.57819pt too wide) has occurred while \output is active
[][][]  
 []


Overfull \vbox (3.49988pt too high) has occurred while \output is active []


Overfull \hbox (107.57608pt too wide) has occurred while \output is active
 [][][][]  
 []

[9

 <./logopdf.pdf>] (./Introduccion.tex
Overfull \vbox (2.00009pt too high) has occurred while \output is active []


Overfull \hbox (15.57819pt too wide) has occurred while \output is active
[][][]  
 []


Overfull \vbox (3.49988pt too high) has occurred while \output is active []


Overfull \hbox (107.57608pt too wide) has occurred while \output is active
 [][][][]  
 []

[10

 <./logopdf.pdf>]
Overfull \vbox (2.00009pt too high) has occurred while \output is active []


Overfull \hbox (15.57819pt too wide) has occurred while \output is active
[][][]  
 []


Overfull \vbox (3.49988pt too high) has occurred while \output is active []


Overfull \hbox (107.57608pt too wide) has occurred while \output is active
 [][][][]  
 []

[11

 <./logopdf.pdf>]
Overfull \vbox (2.00009pt too high) has occurred while \output is active []


Overfull \hbox (15.57819pt too wide) has occurred while \output is active
[][][]  
 []


Overfull \vbox (3.49988pt too high) has occurred while \output is active []


Overfull \hbox (107.57608pt too wide) has occurred while \output is active
 [][][][]  
 []

[12

 <./logopdf.pdf>]
Overfull \vbox (2.00009pt too high) has occurred while \output is active []


Overfull \hbox (15.57819pt too wide) has occurred while \output is active
[][][]  
 []


Overfull \vbox (3.49988pt too high) has occurred while \output is active []


Overfull \hbox (107.57608pt too wide) has occurred while \output is active
 [][][][]  
 []

[13

 <./logopdf.pdf>]
<FIGURES/Galerkin/Graphics/eps=0.01/Exact_Solution_alpha=001.png, id=261, 1084.
05pt x 1084.05pt>
File: FIGURES/Galerkin/Graphics/eps=0.01/Exact_Solution_alpha=001.png Graphic f
ile (type png)
<use FIGURES/Galerkin/Graphics/eps=0.01/Exact_Solution_alpha=001.png>
Package pdftex.def Info: FIGURES/Galerkin/Graphics/eps=0.01/Exact_Solution_alph
a=001.png  used on input line 45.
(pdftex.def)             Requested size: 213.39566pt x 213.38211pt.

Overfull \vbox (17.73944pt too high) detected at line 45
 []


Overfull \vbox (2.00009pt too high) has occurred while \output is active []


Overfull \hbox (15.57819pt too wide) has occurred while \output is active
[][][]  
 []


Overfull \vbox (3.49988pt too high) has occurred while \output is active []


Overfull \hbox (107.57608pt too wide) has occurred while \output is active
 [][][][]  
 []

[14

 <./logopdf.pdf> <./FIGURES/Galerkin/Graphics/eps=0.01/Exact_Solution_alpha=001
.png>]
Overfull \vbox (2.00009pt too high) has occurred while \output is active []


Overfull \hbox (15.57819pt too wide) has occurred while \output is active
[][][]  
 []


Overfull \vbox (3.49988pt too high) has occurred while \output is active []


Overfull \hbox (107.57608pt too wide) has occurred while \output is active
 [][][][]  
 []

[15

 <./logopdf.pdf>]
Overfull \vbox (2.00009pt too high) has occurred while \output is active []


Overfull \hbox (15.57819pt too wide) has occurred while \output is active
[][][]  
 []


Overfull \vbox (3.49988pt too high) has occurred while \output is active []


Overfull \hbox (107.57608pt too wide) has occurred while \output is active
 [][][][]  
 []

[16

 <./logopdf.pdf>]
Overfull \vbox (2.00009pt too high) has occurred while \output is active []


Overfull \hbox (15.57819pt too wide) has occurred while \output is active
[][][]  
 []


Overfull \vbox (3.49988pt too high) has occurred while \output is active []


Overfull \hbox (107.57608pt too wide) has occurred while \output is active
 [][][][]  
 []

[17

 <./logopdf.pdf>]
Overfull \vbox (2.00009pt too high) has occurred while \output is active []


Overfull \hbox (15.57819pt too wide) has occurred while \output is active
[][][]  
 []


Overfull \vbox (3.49988pt too high) has occurred while \output is active []


Overfull \hbox (107.57608pt too wide) has occurred while \output is active
 [][][][]  
 []

[18

 <./logopdf.pdf>]) (./Metodos_Espectrales.tex
Overfull \vbox (2.00009pt too high) has occurred while \output is active []


Overfull \hbox (15.57819pt too wide) has occurred while \output is active
[][][]  
 []


Overfull \vbox (3.49988pt too high) has occurred while \output is active []


Overfull \hbox (107.57608pt too wide) has occurred while \output is active
 [][][][]  
 []

[19

 <./logopdf.pdf>]
Overfull \vbox (2.00009pt too high) has occurred while \output is active []


Overfull \hbox (15.57819pt too wide) has occurred while \output is active
[][][]  
 []


Overfull \vbox (3.49988pt too high) has occurred while \output is active []


Overfull \hbox (107.57608pt too wide) has occurred while \output is active
 [][][][]  
 []

[20

 <./logopdf.pdf>]
Overfull \vbox (2.00009pt too high) has occurred while \output is active []


Overfull \hbox (15.57819pt too wide) has occurred while \output is active
[][][]  
 []


Overfull \vbox (3.49988pt too high) has occurred while \output is active []


Overfull \hbox (107.57608pt too wide) has occurred while \output is active
 [][][][]  
 []

[21

 <./logopdf.pdf>]
Overfull \vbox (2.00009pt too high) has occurred while \output is active []


Overfull \hbox (15.57819pt too wide) has occurred while \output is active
[][][]  
 []


Overfull \vbox (3.49988pt too high) has occurred while \output is active []


Overfull \hbox (107.57608pt too wide) has occurred while \output is active
 [][][][]  
 []

[22

 <./logopdf.pdf>]
Overfull \vbox (2.00009pt too high) has occurred while \output is active []


Overfull \hbox (15.57819pt too wide) has occurred while \output is active
[][][]  
 []


Overfull \vbox (3.49988pt too high) has occurred while \output is active []


Overfull \hbox (107.57608pt too wide) has occurred while \output is active
 [][][][]  
 []

[23

 <./logopdf.pdf>]
Overfull \vbox (2.00009pt too high) has occurred while \output is active []


Overfull \hbox (15.57819pt too wide) has occurred while \output is active
[][][]  
 []


Overfull \vbox (3.49988pt too high) has occurred while \output is active []


Overfull \hbox (107.57608pt too wide) has occurred while \output is active
 [][][][]  
 []

[24

 <./logopdf.pdf>]
Overfull \vbox (2.00009pt too high) has occurred while \output is active []


Overfull \hbox (15.57819pt too wide) has occurred while \output is active
[][][]  
 []


Overfull \vbox (3.49988pt too high) has occurred while \output is active []


Overfull \hbox (107.57608pt too wide) has occurred while \output is active
 [][][][]  
 []

[25

 <./logopdf.pdf>]
Overfull \vbox (2.00009pt too high) has occurred while \output is active []


Overfull \hbox (15.57819pt too wide) has occurred while \output is active
[][][]  
 []


Overfull \vbox (3.49988pt too high) has occurred while \output is active []


Overfull \hbox (107.57608pt too wide) has occurred while \output is active
 [][][][]  
 []

[26

 <./logopdf.pdf>]
Overfull \vbox (2.00009pt too high) has occurred while \output is active []


Overfull \hbox (15.57819pt too wide) has occurred while \output is active
[][][]  
 []


Overfull \vbox (3.49988pt too high) has occurred while \output is active []


Overfull \hbox (107.57608pt too wide) has occurred while \output is active
 [][][][]  
 []

[27

 <./logopdf.pdf>]
Overfull \vbox (2.00009pt too high) has occurred while \output is active []


Overfull \hbox (15.57819pt too wide) has occurred while \output is active
[][][]  
 []


Overfull \vbox (3.49988pt too high) has occurred while \output is active []


Overfull \hbox (107.57608pt too wide) has occurred while \output is active
 [][][][]  
 []

[28

 <./logopdf.pdf>]
Overfull \vbox (2.00009pt too high) has occurred while \output is active []


Overfull \hbox (15.57819pt too wide) has occurred while \output is active
[][][]  
 []


Overfull \vbox (3.49988pt too high) has occurred while \output is active []


Overfull \hbox (107.57608pt too wide) has occurred while \output is active
 [][][][]  
 []

[29

 <./logopdf.pdf>]
Overfull \vbox (2.00009pt too high) has occurred while \output is active []


Overfull \hbox (15.57819pt too wide) has occurred while \output is active
[][][]  
 []


Overfull \vbox (3.49988pt too high) has occurred while \output is active []


Overfull \hbox (107.57608pt too wide) has occurred while \output is active
 [][][][]  
 []

[30

 <./logopdf.pdf>]) (./Burgers_Determinista.tex
Overfull \vbox (2.00009pt too high) has occurred while \output is active []


Overfull \hbox (15.57819pt too wide) has occurred while \output is active
[][][]  
 []


Overfull \vbox (3.49988pt too high) has occurred while \output is active []


Overfull \hbox (107.57608pt too wide) has occurred while \output is active
 [][][][]  
 []

[31

 <./logopdf.pdf>]
Overfull \vbox (2.00009pt too high) has occurred while \output is active []


Overfull \hbox (15.57819pt too wide) has occurred while \output is active
[][][]  
 []


Overfull \vbox (3.49988pt too high) has occurred while \output is active []


Overfull \hbox (107.57608pt too wide) has occurred while \output is active
 [][][][]  
 []

[32

 <./logopdf.pdf>]
Overfull \vbox (2.00009pt too high) has occurred while \output is active []


Overfull \hbox (15.57819pt too wide) has occurred while \output is active
[][][]  
 []


Overfull \vbox (3.49988pt too high) has occurred while \output is active []


Overfull \hbox (107.57608pt too wide) has occurred while \output is active
 [][][][]  
 []

[33

 <./logopdf.pdf>]
Overfull \vbox (2.00009pt too high) has occurred while \output is active []


Overfull \hbox (15.57819pt too wide) has occurred while \output is active
[][][]  
 []


Overfull \vbox (3.49988pt too high) has occurred while \output is active []


Overfull \hbox (107.57608pt too wide) has occurred while \output is active
 [][][][]  
 []

[34

 <./logopdf.pdf>]
Overfull \vbox (2.00009pt too high) has occurred while \output is active []


Overfull \hbox (15.57819pt too wide) has occurred while \output is active
[][][]  
 []


Overfull \vbox (3.49988pt too high) has occurred while \output is active []


Overfull \hbox (107.57608pt too wide) has occurred while \output is active
 [][][][]  
 []

[35

 <./logopdf.pdf>]
Overfull \vbox (2.00009pt too high) has occurred while \output is active []


Overfull \hbox (15.57819pt too wide) has occurred while \output is active
[][][]  
 []


Overfull \vbox (3.49988pt too high) has occurred while \output is active []


Overfull \hbox (107.57608pt too wide) has occurred while \output is active
 [][][][]  
 []

[36

 <./logopdf.pdf>]
Overfull \vbox (2.00009pt too high) has occurred while \output is active []


Overfull \hbox (15.57819pt too wide) has occurred while \output is active
[][][]  
 []


Overfull \vbox (3.49988pt too high) has occurred while \output is active []


Overfull \hbox (107.57608pt too wide) has occurred while \output is active
 [][][][]  
 []

[37

 <./logopdf.pdf>]
Overfull \vbox (2.00009pt too high) has occurred while \output is active []


Overfull \hbox (15.57819pt too wide) has occurred while \output is active
[][][]  
 []


Overfull \vbox (3.49988pt too high) has occurred while \output is active []


Overfull \hbox (107.57608pt too wide) has occurred while \output is active
 [][][][]  
 []

[38

 <./logopdf.pdf>]
Overfull \vbox (2.00009pt too high) has occurred while \output is active []


Overfull \hbox (15.57819pt too wide) has occurred while \output is active
[][][]  
 []


Overfull \vbox (3.49988pt too high) has occurred while \output is active []


Overfull \hbox (107.57608pt too wide) has occurred while \output is active
 [][][][]  
 []

[39

 <./logopdf.pdf>]
Overfull \vbox (2.00009pt too high) has occurred while \output is active []


Overfull \hbox (15.57819pt too wide) has occurred while \output is active
[][][]  
 []


Overfull \vbox (3.49988pt too high) has occurred while \output is active []


Overfull \hbox (107.57608pt too wide) has occurred while \output is active
 [][][][]  
 []

[40

 <./logopdf.pdf>]
<FIGURES/Galerkin/Graphics/alphas_Error_N.png, id=593, 722.7pt x 361.35pt>
File: FIGURES/Galerkin/Graphics/alphas_Error_N.png Graphic file (type png)
<use FIGURES/Galerkin/Graphics/alphas_Error_N.png>
Package pdftex.def Info: FIGURES/Galerkin/Graphics/alphas_Error_N.png  used on 
input line 87.
(pdftex.def)             Requested size: 312.9803pt x 156.49124pt.

Overfull \hbox (5.69043pt too wide) in paragraph at lines 87--87
 [][] 
 []


Overfull \vbox (2.00009pt too high) has occurred while \output is active []


Overfull \hbox (15.57819pt too wide) has occurred while \output is active
[][][]  
 []


Overfull \vbox (3.49988pt too high) has occurred while \output is active []


Overfull \hbox (107.57608pt too wide) has occurred while \output is active
 [][][][]  
 []

[41

 <./logopdf.pdf> <./FIGURES/Galerkin/Graphics/alphas_Error_N.png>]
<FIGURES/Galerkin/Graphics/eps=1.0/Numerical_Solution_alpha=1.png, id=607, 1084
.05pt x 1084.05pt>
File: FIGURES/Galerkin/Graphics/eps=1.0/Numerical_Solution_alpha=1.png Graphic 
file (type png)
<use FIGURES/Galerkin/Graphics/eps=1.0/Numerical_Solution_alpha=1.png>
Package pdftex.def Info: FIGURES/Galerkin/Graphics/eps=1.0/Numerical_Solution_a
lpha=1.png  used on input line 92.
(pdftex.def)             Requested size: 213.39566pt x 213.38211pt.

Overfull \vbox (4.3707pt too high) detected at line 92
 []


Overfull \vbox (2.00009pt too high) has occurred while \output is active []


Overfull \hbox (15.57819pt too wide) has occurred while \output is active
[][][]  
 []


Overfull \vbox (3.49988pt too high) has occurred while \output is active []


Overfull \hbox (107.57608pt too wide) has occurred while \output is active
 [][][][]  
 []

[42

 <./logopdf.pdf> <./FIGURES/Galerkin/Graphics/eps=1.0/Numerical_Solution_alpha=
1.png>]
<FIGURES/Galerkin/Graphics/eps=1.0/Numerical_Solution_alpha=1_T=100.png, id=621
, 1084.05pt x 722.7pt>
File: FIGURES/Galerkin/Graphics/eps=1.0/Numerical_Solution_alpha=1_T=100.png Gr
aphic file (type png)
<use FIGURES/Galerkin/Graphics/eps=1.0/Numerical_Solution_alpha=1_T=100.png>
Package pdftex.def Info: FIGURES/Galerkin/Graphics/eps=1.0/Numerical_Solution_a
lpha=1_T=100.png  used on input line 97.
(pdftex.def)             Requested size: 284.52756pt x 189.68402pt.

Overfull \vbox (2.00009pt too high) has occurred while \output is active []


Overfull \hbox (15.57819pt too wide) has occurred while \output is active
[][][]  
 []


Overfull \vbox (3.49988pt too high) has occurred while \output is active []


Overfull \hbox (107.57608pt too wide) has occurred while \output is active
 [][][][]  
 []

[43

 <./logopdf.pdf> <./FIGURES/Galerkin/Graphics/eps=1.0/Numerical_Solution_alpha=
1_T=100.png>]
Overfull \hbox (106.83931pt too wide) in paragraph at lines 126--126
 [] 
 []


Overfull \vbox (3.34119pt too high) detected at line 126
 []


Overfull \vbox (2.00009pt too high) has occurred while \output is active []


Overfull \hbox (15.57819pt too wide) has occurred while \output is active
[][][]  
 []


Overfull \vbox (3.49988pt too high) has occurred while \output is active []


Overfull \hbox (107.57608pt too wide) has occurred while \output is active
 [][][][]  
 []

[44

 <./logopdf.pdf>]
<FIGURES/Galerkin/Graphics/eps=0.005/Numerical_Solution_alpha=0005.png, id=648,
 1084.05pt x 1084.05pt>
File: FIGURES/Galerkin/Graphics/eps=0.005/Numerical_Solution_alpha=0005.png Gra
phic file (type png)
<use FIGURES/Galerkin/Graphics/eps=0.005/Numerical_Solution_alpha=0005.png>
Package pdftex.def Info: FIGURES/Galerkin/Graphics/eps=0.005/Numerical_Solution
_alpha=0005.png  used on input line 132.
(pdftex.def)             Requested size: 213.39566pt x 213.38211pt.

Overfull \vbox (4.3707pt too high) detected at line 132
 []


Overfull \vbox (2.00009pt too high) has occurred while \output is active []


Overfull \hbox (15.57819pt too wide) has occurred while \output is active
[][][]  
 []


Overfull \vbox (3.49988pt too high) has occurred while \output is active []


Overfull \hbox (107.57608pt too wide) has occurred while \output is active
 [][][][]  
 []

[45

 <./logopdf.pdf> <./FIGURES/Galerkin/Graphics/eps=0.005/Numerical_Solution_alph
a=0005.png>]
<FIGURES/Galerkin/Graphics/eps=0.005/Numerical_Solution_alpha=0005_T=100.png, i
d=662, 1084.05pt x 722.7pt>
File: FIGURES/Galerkin/Graphics/eps=0.005/Numerical_Solution_alpha=0005_T=100.p
ng Graphic file (type png)
<use FIGURES/Galerkin/Graphics/eps=0.005/Numerical_Solution_alpha=0005_T=100.pn
g>
Package pdftex.def Info: FIGURES/Galerkin/Graphics/eps=0.005/Numerical_Solution
_alpha=0005_T=100.png  used on input line 137.
(pdftex.def)             Requested size: 284.52756pt x 189.68402pt.

Overfull \vbox (2.00009pt too high) has occurred while \output is active []


Overfull \hbox (15.57819pt too wide) has occurred while \output is active
[][][]  
 []


Overfull \vbox (3.49988pt too high) has occurred while \output is active []


Overfull \hbox (107.57608pt too wide) has occurred while \output is active
 [][][][]  
 []

[46

 <./logopdf.pdf> <./FIGURES/Galerkin/Graphics/eps=0.005/Numerical_Solution_alph
a=0005_T=100.png>]
Overfull \hbox (106.83931pt too wide) in paragraph at lines 167--167
 [] 
 []


Overfull \vbox (22.59862pt too high) detected at line 167
 []


Overfull \vbox (2.00009pt too high) has occurred while \output is active []


Overfull \hbox (15.57819pt too wide) has occurred while \output is active
[][][]  
 []


Overfull \vbox (3.49988pt too high) has occurred while \output is active []


Overfull \hbox (107.57608pt too wide) has occurred while \output is active
 [][][][]  
 []

[47

 <./logopdf.pdf>]
Overfull \hbox (10.6838pt too wide) detected at line 192
[]
 []


Overfull \vbox (2.00009pt too high) has occurred while \output is active []


Overfull \hbox (15.57819pt too wide) has occurred while \output is active
[][][]  
 []


Overfull \vbox (3.49988pt too high) has occurred while \output is active []


Overfull \hbox (107.57608pt too wide) has occurred while \output is active
 [][][][]  
 []

[48

 <./logopdf.pdf>]
Overfull \hbox (10.6838pt too wide) detected at line 192
[]
 []


Overfull \vbox (2.00009pt too high) has occurred while \output is active []


Overfull \hbox (15.57819pt too wide) has occurred while \output is active
[][][]  
 []


Overfull \vbox (3.49988pt too high) has occurred while \output is active []


Overfull \hbox (107.57608pt too wide) has occurred while \output is active
 [][][][]  
 []

[49

 <./logopdf.pdf>]
Overfull \vbox (2.00009pt too high) has occurred while \output is active []


Overfull \hbox (15.57819pt too wide) has occurred while \output is active
[][][]  
 []


Overfull \vbox (3.49988pt too high) has occurred while \output is active []


Overfull \hbox (107.57608pt too wide) has occurred while \output is active
 [][][][]  
 []

[50

 <./logopdf.pdf>]
Overfull \vbox (2.00009pt too high) has occurred while \output is active []


Overfull \hbox (15.57819pt too wide) has occurred while \output is active
[][][]  
 []


Overfull \vbox (3.49988pt too high) has occurred while \output is active []


Overfull \hbox (107.57608pt too wide) has occurred while \output is active
 [][][][]  
 []

[51

 <./logopdf.pdf>]
Overfull \vbox (2.00009pt too high) has occurred while \output is active []


Overfull \hbox (15.57819pt too wide) has occurred while \output is active
[][][]  
 []


Overfull \vbox (3.49988pt too high) has occurred while \output is active []


Overfull \hbox (107.57608pt too wide) has occurred while \output is active
 [][][][]  
 []

[52

 <./logopdf.pdf>]
Overfull \vbox (2.00009pt too high) has occurred while \output is active []


Overfull \hbox (15.57819pt too wide) has occurred while \output is active
[][][]  
 []


Overfull \vbox (3.49988pt too high) has occurred while \output is active []


Overfull \hbox (107.57608pt too wide) has occurred while \output is active
 [][][][]  
 []

[53

 <./logopdf.pdf>]
Overfull \vbox (2.00009pt too high) has occurred while \output is active []


Overfull \hbox (15.57819pt too wide) has occurred while \output is active
[][][]  
 []


Overfull \vbox (3.49988pt too high) has occurred while \output is active []


Overfull \hbox (107.57608pt too wide) has occurred while \output is active
 [][][][]  
 []

[54

 <./logopdf.pdf>]
Overfull \vbox (2.00009pt too high) has occurred while \output is active []


Overfull \hbox (15.57819pt too wide) has occurred while \output is active
[][][]  
 []


Overfull \vbox (3.49988pt too high) has occurred while \output is active []


Overfull \hbox (107.57608pt too wide) has occurred while \output is active
 [][][][]  
 []

[55

 <./logopdf.pdf>]
<FIGURES/Collocation/collocation_alphas_N.png, id=786, 1107.8991pt x 776.9025pt
>
File: FIGURES/Collocation/collocation_alphas_N.png Graphic file (type png)
<use FIGURES/Collocation/collocation_alphas_N.png>
Package pdftex.def Info: FIGURES/Collocation/collocation_alphas_N.png  used on 
input line 245.
(pdftex.def)             Requested size: 256.0748pt x 179.5729pt.

Overfull \vbox (2.00009pt too high) has occurred while \output is active []


Overfull \hbox (15.57819pt too wide) has occurred while \output is active
[][][]  
 []


Overfull \vbox (3.49988pt too high) has occurred while \output is active []


Overfull \hbox (107.57608pt too wide) has occurred while \output is active
 [][][][]  
 []

[56

 <./logopdf.pdf> <./FIGURES/Collocation/collocation_alphas_N.png>]
<FIGURES/Collocation/Graphics/eps=1.0/Numerical_Solution_alpha=1.png, id=801, 1
084.05pt x 1084.05pt>
File: FIGURES/Collocation/Graphics/eps=1.0/Numerical_Solution_alpha=1.png Graph
ic file (type png)
<use FIGURES/Collocation/Graphics/eps=1.0/Numerical_Solution_alpha=1.png>
Package pdftex.def Info: FIGURES/Collocation/Graphics/eps=1.0/Numerical_Solutio
n_alpha=1.png  used on input line 251.
(pdftex.def)             Requested size: 213.39566pt x 213.38211pt.

Overfull \vbox (4.3707pt too high) detected at line 251
 []


Overfull \vbox (2.00009pt too high) has occurred while \output is active []


Overfull \hbox (15.57819pt too wide) has occurred while \output is active
[][][]  
 []


Overfull \vbox (3.49988pt too high) has occurred while \output is active []


Overfull \hbox (107.57608pt too wide) has occurred while \output is active
 [][][][]  
 []

[57

 <./logopdf.pdf> <./FIGURES/Collocation/Graphics/eps=1.0/Numerical_Solution_alp
ha=1.png>]
<FIGURES/Collocation/Graphics/eps=1.0/Numerical_Solution_alpha=1_T=100.png, id=
815, 1084.05pt x 722.7pt>
File: FIGURES/Collocation/Graphics/eps=1.0/Numerical_Solution_alpha=1_T=100.png
 Graphic file (type png)
<use FIGURES/Collocation/Graphics/eps=1.0/Numerical_Solution_alpha=1_T=100.png>

Package pdftex.def Info: FIGURES/Collocation/Graphics/eps=1.0/Numerical_Solutio
n_alpha=1_T=100.png  used on input line 256.
(pdftex.def)             Requested size: 284.52756pt x 189.68402pt.

Overfull \vbox (2.00009pt too high) has occurred while \output is active []


Overfull \hbox (15.57819pt too wide) has occurred while \output is active
[][][]  
 []


Overfull \vbox (3.49988pt too high) has occurred while \output is active []


Overfull \hbox (107.57608pt too wide) has occurred while \output is active
 [][][][]  
 []

[58

 <./logopdf.pdf> <./FIGURES/Collocation/Graphics/eps=1.0/Numerical_Solution_alp
ha=1_T=100.png>]
Overfull \hbox (106.83931pt too wide) in paragraph at lines 286--286
 [] 
 []


Overfull \vbox (22.59862pt too high) detected at line 286
 []


Overfull \vbox (2.00009pt too high) has occurred while \output is active []


Overfull \hbox (15.57819pt too wide) has occurred while \output is active
[][][]  
 []


Overfull \vbox (3.49988pt too high) has occurred while \output is active []


Overfull \hbox (107.57608pt too wide) has occurred while \output is active
 [][][][]  
 []

[59

 <./logopdf.pdf>]
<FIGURES/Collocation/Graphics/eps=0.005/Numerical_Solution_alpha=0005.png, id=8
41, 1084.05pt x 1084.05pt>
File: FIGURES/Collocation/Graphics/eps=0.005/Numerical_Solution_alpha=0005.png 
Graphic file (type png)
<use FIGURES/Collocation/Graphics/eps=0.005/Numerical_Solution_alpha=0005.png>
Package pdftex.def Info: FIGURES/Collocation/Graphics/eps=0.005/Numerical_Solut
ion_alpha=0005.png  used on input line 292.
(pdftex.def)             Requested size: 213.39566pt x 213.38211pt.

Overfull \vbox (4.3707pt too high) detected at line 292
 []


Overfull \vbox (2.00009pt too high) has occurred while \output is active []


Overfull \hbox (15.57819pt too wide) has occurred while \output is active
[][][]  
 []


Overfull \vbox (3.49988pt too high) has occurred while \output is active []


Overfull \hbox (107.57608pt too wide) has occurred while \output is active
 [][][][]  
 []

[60

 <./logopdf.pdf> <./FIGURES/Collocation/Graphics/eps=0.005/Numerical_Solution_a
lpha=0005.png>]
<FIGURES/Collocation/Graphics/eps=0.005/Numerical_Solution_alpha=0005_T=100.png
, id=855, 1084.05pt x 722.7pt>
File: FIGURES/Collocation/Graphics/eps=0.005/Numerical_Solution_alpha=0005_T=10
0.png Graphic file (type png)
<use FIGURES/Collocation/Graphics/eps=0.005/Numerical_Solution_alpha=0005_T=100
.png>
Package pdftex.def Info: FIGURES/Collocation/Graphics/eps=0.005/Numerical_Solut
ion_alpha=0005_T=100.png  used on input line 297.
(pdftex.def)             Requested size: 284.52756pt x 189.68402pt.

Overfull \vbox (2.00009pt too high) has occurred while \output is active []


Overfull \hbox (15.57819pt too wide) has occurred while \output is active
[][][]  
 []


Overfull \vbox (3.49988pt too high) has occurred while \output is active []


Overfull \hbox (107.57608pt too wide) has occurred while \output is active
 [][][][]  
 []

[61

 <./logopdf.pdf> <./FIGURES/Collocation/Graphics/eps=0.005/Numerical_Solution_a
lpha=0005_T=100.png>]
Overfull \hbox (106.83931pt too wide) in paragraph at lines 327--327
 [] 
 []


Overfull \vbox (22.59862pt too high) detected at line 327
 []


Overfull \vbox (2.00009pt too high) has occurred while \output is active []


Overfull \hbox (15.57819pt too wide) has occurred while \output is active
[][][]  
 []


Overfull \vbox (3.49988pt too high) has occurred while \output is active []


Overfull \hbox (107.57608pt too wide) has occurred while \output is active
 [][][][]  
 []

[62

 <./logopdf.pdf>]
Overfull \vbox (2.00009pt too high) has occurred while \output is active []


Overfull \hbox (15.57819pt too wide) has occurred while \output is active
[][][]  
 []


Overfull \vbox (3.49988pt too high) has occurred while \output is active []


Overfull \hbox (107.57608pt too wide) has occurred while \output is active
 [][][][]  
 []

[63

 <./logopdf.pdf>]
Overfull \vbox (2.00009pt too high) has occurred while \output is active []


Overfull \hbox (15.57819pt too wide) has occurred while \output is active
[][][]  
 []


Overfull \vbox (3.49988pt too high) has occurred while \output is active []


Overfull \hbox (107.57608pt too wide) has occurred while \output is active
 [][][][]  
 []

[64

 <./logopdf.pdf>]
Overfull \vbox (2.00009pt too high) has occurred while \output is active []


Overfull \hbox (15.57819pt too wide) has occurred while \output is active
[][][]  
 []


Overfull \vbox (3.49988pt too high) has occurred while \output is active []


Overfull \hbox (107.57608pt too wide) has occurred while \output is active
 [][][][]  
 []

[65

 <./logopdf.pdf>]
Overfull \vbox (2.00009pt too high) has occurred while \output is active []


Overfull \hbox (15.57819pt too wide) has occurred while \output is active
[][][]  
 []


Overfull \vbox (3.49988pt too high) has occurred while \output is active []


Overfull \hbox (107.57608pt too wide) has occurred while \output is active
 [][][][]  
 []

[66

 <./logopdf.pdf>]
<FIGURES/varios_alphas.png, id=930, 1107.8991pt x 776.9025pt>
File: FIGURES/varios_alphas.png Graphic file (type png)
<use FIGURES/varios_alphas.png>
Package pdftex.def Info: FIGURES/varios_alphas.png  used on input line 362.
(pdftex.def)             Requested size: 284.52756pt x 199.52412pt.

Overfull \vbox (2.00009pt too high) has occurred while \output is active []


Overfull \hbox (15.57819pt too wide) has occurred while \output is active
[][][]  
 []


Overfull \vbox (3.49988pt too high) has occurred while \output is active []


Overfull \hbox (107.57608pt too wide) has occurred while \output is active
 [][][][]  
 []

[67

 <./logopdf.pdf> <./FIGURES/varios_alphas.png>]
<FIGURES/small_alpha.png, id=945, 1107.8991pt x 776.9025pt>
File: FIGURES/small_alpha.png Graphic file (type png)
<use FIGURES/small_alpha.png>
Package pdftex.def Info: FIGURES/small_alpha.png  used on input line 368.
(pdftex.def)             Requested size: 284.52756pt x 199.52412pt.

Overfull \vbox (2.00009pt too high) has occurred while \output is active []


Overfull \hbox (15.57819pt too wide) has occurred while \output is active
[][][]  
 []


Overfull \vbox (3.49988pt too high) has occurred while \output is active []


Overfull \hbox (107.57608pt too wide) has occurred while \output is active
 [][][][]  
 []

[68

 <./logopdf.pdf> <./FIGURES/small_alpha.png>]
<FIGURES/small_alpha_T.png, id=959, 1107.8991pt x 776.9025pt>
File: FIGURES/small_alpha_T.png Graphic file (type png)
<use FIGURES/small_alpha_T.png>
Package pdftex.def Info: FIGURES/small_alpha_T.png  used on input line 374.
(pdftex.def)             Requested size: 284.52756pt x 199.52412pt.

Overfull \vbox (2.00009pt too high) has occurred while \output is active []


Overfull \hbox (15.57819pt too wide) has occurred while \output is active
[][][]  
 []


Overfull \vbox (3.49988pt too high) has occurred while \output is active []


Overfull \hbox (107.57608pt too wide) has occurred while \output is active
 [][][][]  
 []

[69

 <./logopdf.pdf> <./FIGURES/small_alpha_T.png>]
Overfull \hbox (22.27988pt too wide) in paragraph at lines 396--396
 [] 
 []


Overfull \vbox (2.00009pt too high) has occurred while \output is active []


Overfull \hbox (15.57819pt too wide) has occurred while \output is active
[][][]  
 []


Overfull \vbox (3.49988pt too high) has occurred while \output is active []


Overfull \hbox (107.57608pt too wide) has occurred while \output is active
 [][][][]  
 []

[70

 <./logopdf.pdf>]) (./Burgers_Estocastica.tex
Overfull \hbox (3.2186pt too wide) detected at line 21
\OT1/mathkerncmss/m/sl/10.95 dX\OT1/cmss/m/n/10.95 (\OML/cmm/m/it/10.95 ^^X; \O
T1/mathkerncmss/m/sl/10.95 t\OT1/cmss/m/n/10.95 ) = [] \OT1/mathkerncmss/m/sl/1
0.95 dt \OT1/cmss/m/n/10.95 + \OT1/mathkerncmss/m/sl/10.95 dW[]\OT1/cmss/m/n/10
.95 (\OML/cmm/m/it/10.95 ^^X; \OT1/mathkerncmss/m/sl/10.95 t\OT1/cmss/m/n/10.95
 )\OML/cmm/m/it/10.95 ;  ^^X \OMS/cmsy/m/n/10.95 2 \OT1/cmss/m/n/10.95 [0\OML/c
mm/m/it/10.95 ; \OT1/cmss/m/n/10.95 1]
 []


Overfull \vbox (2.00009pt too high) has occurred while \output is active []


Overfull \hbox (15.57819pt too wide) has occurred while \output is active
[][][]  
 []


Overfull \vbox (3.49988pt too high) has occurred while \output is active []


Overfull \hbox (107.57608pt too wide) has occurred while \output is active
 [][][][]  
 []

[71

 <./logopdf.pdf>]
Overfull \hbox (3.2186pt too wide) detected at line 21
\OT1/mathkerncmss/m/sl/10.95 dX\OT1/cmss/m/n/10.95 (\OML/cmm/m/it/10.95 ^^X; \O
T1/mathkerncmss/m/sl/10.95 t\OT1/cmss/m/n/10.95 ) = [] \OT1/mathkerncmss/m/sl/1
0.95 dt \OT1/cmss/m/n/10.95 + \OT1/mathkerncmss/m/sl/10.95 dW[]\OT1/cmss/m/n/10
.95 (\OML/cmm/m/it/10.95 ^^X; \OT1/mathkerncmss/m/sl/10.95 t\OT1/cmss/m/n/10.95
 )\OML/cmm/m/it/10.95 ;  ^^X \OMS/cmsy/m/n/10.95 2 \OT1/cmss/m/n/10.95 [0\OML/c
mm/m/it/10.95 ; \OT1/cmss/m/n/10.95 1]
 []


Overfull \vbox (2.00009pt too high) has occurred while \output is active []


Overfull \hbox (15.57819pt too wide) has occurred while \output is active
[][][]  
 []


Overfull \vbox (3.49988pt too high) has occurred while \output is active []


Overfull \hbox (107.57608pt too wide) has occurred while \output is active
 [][][][]  
 []

[72

 <./logopdf.pdf>]
Overfull \vbox (2.00009pt too high) has occurred while \output is active []


Overfull \hbox (15.57819pt too wide) has occurred while \output is active
[][][]  
 []


Overfull \vbox (3.49988pt too high) has occurred while \output is active []


Overfull \hbox (107.57608pt too wide) has occurred while \output is active
 [][][][]  
 []

[73

 <./logopdf.pdf>]
Overfull \vbox (2.00009pt too high) has occurred while \output is active []


Overfull \hbox (15.57819pt too wide) has occurred while \output is active
[][][]  
 []


Overfull \vbox (3.49988pt too high) has occurred while \output is active []


Overfull \hbox (107.57608pt too wide) has occurred while \output is active
 [][][][]  
 []

[74

 <./logopdf.pdf>]
Overfull \vbox (2.00009pt too high) has occurred while \output is active []


Overfull \hbox (15.57819pt too wide) has occurred while \output is active
[][][]  
 []


Overfull \vbox (3.49988pt too high) has occurred while \output is active []


Overfull \hbox (107.57608pt too wide) has occurred while \output is active
 [][][][]  
 []

[75

 <./logopdf.pdf>]
Overfull \vbox (2.00009pt too high) has occurred while \output is active []


Overfull \hbox (15.57819pt too wide) has occurred while \output is active
[][][]  
 []


Overfull \vbox (3.49988pt too high) has occurred while \output is active []


Overfull \hbox (107.57608pt too wide) has occurred while \output is active
 [][][][]  
 []

[76

 <./logopdf.pdf>]
Overfull \hbox (47.54532pt too wide) detected at line 101
\OT1/mathkerncmss/m/sl/10.95 A \OT1/cmss/m/n/10.95 = []
 []


Overfull \vbox (2.00009pt too high) has occurred while \output is active []


Overfull \hbox (15.57819pt too wide) has occurred while \output is active
[][][]  
 []


Overfull \vbox (3.49988pt too high) has occurred while \output is active []


Overfull \hbox (107.57608pt too wide) has occurred while \output is active
 [][][][]  
 []

[77

 <./logopdf.pdf>]
Overfull \vbox (2.00009pt too high) has occurred while \output is active []


Overfull \hbox (15.57819pt too wide) has occurred while \output is active
[][][]  
 []


Overfull \vbox (3.49988pt too high) has occurred while \output is active []


Overfull \hbox (107.57608pt too wide) has occurred while \output is active
 [][][][]  
 []

[78

 <./logopdf.pdf>]
Overfull \vbox (2.00009pt too high) has occurred while \output is active []


Overfull \hbox (15.57819pt too wide) has occurred while \output is active
[][][]  
 []


Overfull \vbox (3.49988pt too high) has occurred while \output is active []


Overfull \hbox (107.57608pt too wide) has occurred while \output is active
 [][][][]  
 []

[79

 <./logopdf.pdf>]
Overfull \vbox (2.00009pt too high) has occurred while \output is active []


Overfull \hbox (15.57819pt too wide) has occurred while \output is active
[][][]  
 []


Overfull \vbox (3.49988pt too high) has occurred while \output is active []


Overfull \hbox (107.57608pt too wide) has occurred while \output is active
 [][][][]  
 []

[80

 <./logopdf.pdf>]
<FIGURES/IC.png, id=1107, 722.7pt x 722.7pt>
File: FIGURES/IC.png Graphic file (type png)
<use FIGURES/IC.png>
Package pdftex.def Info: FIGURES/IC.png  used on input line 159.
(pdftex.def)             Requested size: 227.62204pt x 227.61862pt.

Overfull \vbox (3.63846pt too high) detected at line 159
 []


Overfull \vbox (2.00009pt too high) has occurred while \output is active []


Overfull \hbox (15.57819pt too wide) has occurred while \output is active
[][][]  
 []


Overfull \vbox (3.49988pt too high) has occurred while \output is active []


Overfull \hbox (107.57608pt too wide) has occurred while \output is active
 [][][][]  
 []

[81

 <./logopdf.pdf> <./FIGURES/IC.png>]
<FIGURES/Numerical_Solution_Stochastic.png, id=1121, 1084.05pt x 1084.05pt>
File: FIGURES/Numerical_Solution_Stochastic.png Graphic file (type png)
<use FIGURES/Numerical_Solution_Stochastic.png>
Package pdftex.def Info: FIGURES/Numerical_Solution_Stochastic.png  used on inp
ut line 164.
(pdftex.def)             Requested size: 241.84842pt x 241.83307pt.

Overfull \vbox (17.8529pt too high) detected at line 164
 []


Overfull \vbox (2.00009pt too high) has occurred while \output is active []


Overfull \hbox (15.57819pt too wide) has occurred while \output is active
[][][]  
 []


Overfull \vbox (3.49988pt too high) has occurred while \output is active []


Overfull \hbox (107.57608pt too wide) has occurred while \output is active
 [][][][]  
 []

[82

 <./logopdf.pdf> <./FIGURES/Numerical_Solution_Stochastic.png>]
<FIGURES/norms.png, id=1135, 722.7pt x 722.7pt>
File: FIGURES/norms.png Graphic file (type png)
<use FIGURES/norms.png>
Package pdftex.def Info: FIGURES/norms.png  used on input line 169.
(pdftex.def)             Requested size: 213.39566pt x 213.39314pt.

Overfull \vbox (2.00009pt too high) has occurred while \output is active []


Overfull \hbox (15.57819pt too wide) has occurred while \output is active
[][][]  
 []


Overfull \vbox (3.49988pt too high) has occurred while \output is active []


Overfull \hbox (107.57608pt too wide) has occurred while \output is active
 [][][][]  
 []

[83

 <./logopdf.pdf> <./FIGURES/norms.png>]) (./Conclusiones.tex
Missing character: There is no  in font cmss10!
Missing character: There is no  in font cmss10!
Missing character: There is no  in font cmss10!
Missing character: There is no  in font cmss10!

Overfull \vbox (2.00009pt too high) has occurred while \output is active []


Overfull \hbox (15.57819pt too wide) has occurred while \output is active
[][][]  
 []


Overfull \vbox (3.49988pt too high) has occurred while \output is active []


Overfull \hbox (107.57608pt too wide) has occurred while \output is active
 [][][][]  
 []

[84

 <./logopdf.pdf>]
Missing character: There is no  in font cmss10!
Missing character: There is no  in font cmss10!
Missing character: There is no  in font cmss10!
Missing character: There is no  in font cmss10!
Missing character: There is no  in font cmss10!
Missing character: There is no  in font cmss10!

Overfull \vbox (2.00009pt too high) has occurred while \output is active []


Overfull \hbox (15.57819pt too wide) has occurred while \output is active
[][][]  
 []


Overfull \vbox (3.49988pt too high) has occurred while \output is active []


Overfull \hbox (107.57608pt too wide) has occurred while \output is active
 [][][][]  
 []

[85

 <./logopdf.pdf>]
Missing character: There is no  in font cmss10!
Missing character: There is no  in font cmss10!
Missing character: There is no  in font cmss10!
Missing character: There is no  in font cmss10!
Missing character: There is no  in font cmss10!
Missing character: There is no  in font cmss10!
Missing character: There is no  in font cmss10!
Missing character: There is no  in font cmss10!
Missing character: There is no  in font cmss10!
Missing character: There is no  in font cmss10!

Overfull \vbox (2.00009pt too high) has occurred while \output is active []


Overfull \hbox (15.57819pt too wide) has occurred while \output is active
[][][]  
 []


Overfull \vbox (3.49988pt too high) has occurred while \output is active []


Overfull \hbox (107.57608pt too wide) has occurred while \output is active
 [][][][]  
 []

[86

 <./logopdf.pdf>]
Missing character: There is no  in font cmss10!
Missing character: There is no  in font cmss10!
Missing character: There is no  in font cmss10!
Missing character: There is no  in font cmss10!
Missing character: There is no  in font cmss10!
Missing character: There is no  in font cmss10!
Missing character: There is no  in font cmss10!
Missing character: There is no  in font cmss10!
Missing character: There is no  in font cmss10!
Missing character: There is no  in font cmss10!
Missing character: There is no  in font cmss10!
Missing character: There is no  in font cmss10!
Missing character: There is no  in font cmss10!
Missing character: There is no  in font cmss10!
Missing character: There is no  in font cmss10!
Missing character: There is no  in font cmss10!
Missing character: There is no  in font cmss10!
Missing character: There is no  in font cmss10!
Missing character: There is no  in font cmss10!
Missing character: There is no  in font cmss10!

Overfull \vbox (2.00009pt too high) has occurred while \output is active []


Overfull \hbox (15.57819pt too wide) has occurred while \output is active
[][][]  
 []


Overfull \vbox (3.49988pt too high) has occurred while \output is active []


Overfull \hbox (107.57608pt too wide) has occurred while \output is active
 [][][][]  
 []

[87

 <./logopdf.pdf>])
\tf@nav=\write7
\openout7 = `Presentation.nav'.

\tf@toc=\write8
\openout8 = `Presentation.toc'.

\tf@snm=\write9
\openout9 = `Presentation.snm'.

Package atveryend Info: Empty hook `BeforeClearDocument' on input line 129.
Package atveryend Info: Empty hook `AfterLastShipout' on input line 129.
 (./Presentation.aux
LaTeX Info: Redefining \. on input line 20.
LaTeX Info: Redefining \% on input line 20.
)
Package atveryend Info: Executing hook `AtVeryEndDocument' on input line 129.
Package atveryend Info: Executing hook `AtEndAfterFileList' on input line 129.
Package rerunfilecheck Info: File `Presentation.out' has not changed.
(rerunfilecheck)             Checksum: 95044529C23EC3CD2527A0A0E5C4861A;498.
 ) 
Here is how much of TeX's memory you used:
 20439 strings out of 492982
 378872 string characters out of 6134896
 468631 words of memory out of 5000000
 23316 multiletter control sequences out of 15000+600000
 17798 words of font info for 65 fonts, out of 8000000 for 9000
 1141 hyphenation exceptions out of 8191
 56i,20n,56p,813b,607s stack positions out of 5000i,500n,10000p,200000b,80000s
</usr/share/texlive/texmf-dist/fonts/type1/public/amsfonts/cm/cmex10.pfb></us
r/share/texlive/texmf-dist/fonts/type1/public/amsfonts/cmextra/cmex8.pfb></usr/
share/texlive/texmf-dist/fonts/type1/public/amsfonts/cm/cmmi10.pfb></usr/share/
texlive/texmf-dist/fonts/type1/public/amsfonts/cm/cmmi6.pfb></usr/share/texlive
/texmf-dist/fonts/type1/public/amsfonts/cm/cmmi8.pfb></usr/share/texlive/texmf-
dist/fonts/type1/public/amsfonts/cm/cmss10.pfb></usr/share/texlive/texmf-dist/f
onts/type1/public/amsfonts/cm/cmss12.pfb></usr/share/texlive/texmf-dist/fonts/t
ype1/public/amsfonts/cm/cmss8.pfb></usr/share/texlive/texmf-dist/fonts/type1/pu
blic/amsfonts/cm/cmssbx10.pfb></usr/share/texlive/texmf-dist/fonts/type1/public
/amsfonts/cm/cmssi10.pfb></usr/share/texlive/texmf-dist/fonts/type1/public/amsf
onts/cm/cmssi12.pfb></usr/share/texlive/texmf-dist/fonts/type1/public/amsfonts/
cm/cmssi8.pfb></usr/share/texlive/texmf-dist/fonts/type1/public/amsfonts/cm/cms
y10.pfb></usr/share/texlive/texmf-dist/fonts/type1/public/amsfonts/cm/cmsy6.pfb
></usr/share/texlive/texmf-dist/fonts/type1/public/amsfonts/cm/cmsy8.pfb></usr/
share/texlive/texmf-dist/fonts/type1/public/amsfonts/cm/cmtt10.pfb></usr/share/
texlive/texmf-dist/fonts/type1/public/amsfonts/symbols/msbm10.pfb>
Output written on Presentation.pdf (87 pages, 10624067 bytes).
PDF statistics:
 1295 PDF objects out of 1440 (max. 8388607)
 1038 compressed objects within 11 object streams
 183 named destinations out of 1000 (max. 500000)
 655 words of extra memory for PDF output out of 10000 (max. 10000000)

