\BOOKMARK [0][-]{chapter.1}{Introduction}{}% 1
\BOOKMARK [1][-]{section.1.1}{Brief History of Burgers' Equation}{chapter.1}% 2
\BOOKMARK [2][-]{subsection.1.1.1}{Analytical solution for Burgers' equation.}{section.1.1}% 3
\BOOKMARK [1][-]{section.1.2}{Stochastic Burger's equation}{chapter.1}% 4
\BOOKMARK [0][-]{chapter.2}{Fundamental Theory For Spectral Methods}{}% 5
\BOOKMARK [1][-]{section.2.1}{Elements in Convergence Theory}{chapter.2}% 6
\BOOKMARK [2][-]{subsection.2.1.1}{Projection Operator}{section.2.1}% 7
\BOOKMARK [2][-]{subsection.2.1.2}{Interpolation Operator}{section.2.1}% 8
\BOOKMARK [0][-]{chapter.3}{Solutions to Deterministic Burger's Equation Using Spectral Methods}{}% 9
\BOOKMARK [1][-]{section.3.1}{Fourier Galerkin}{chapter.3}% 10
\BOOKMARK [1][-]{section.3.2}{Fourier Collocation}{chapter.3}% 11
\BOOKMARK [1][-]{section.3.3}{Numerical Results}{chapter.3}% 12
\BOOKMARK [2][-]{subsection.3.3.1}{Galerkin Simulations}{section.3.3}% 13
\BOOKMARK [2][-]{subsection.3.3.2}{Collocation Simulations}{section.3.3}% 14
\BOOKMARK [2][-]{subsection.3.3.3}{Solutions for Small Viscosity Coefficients}{section.3.3}% 15
\BOOKMARK [0][-]{chapter.4}{Numerical Solution to Stochastic Burgers' equation}{}% 16
\BOOKMARK [1][-]{section.4.1}{Elemental Theory to Numerical Method}{chapter.4}% 17
\BOOKMARK [1][-]{section.4.2}{Numerical Approximation and Its Description}{chapter.4}% 18
\BOOKMARK [2][-]{subsection.4.2.1}{Initial Conditions}{section.4.2}% 19
\BOOKMARK [1][-]{section.4.3}{Numerical Approximation to Stochastic Burgers' Equation}{chapter.4}% 20
\BOOKMARK [1][-]{section.4.4}{Something about Numerical Analysis}{chapter.4}% 21
\BOOKMARK [0][-]{chapter.5}{Discussion and Conclusions}{}% 22
\BOOKMARK [0][-]{Appendix.a.A}{Some results of Hilbert's space theory}{}% 23
\BOOKMARK [1][-]{section.a.A.1}{Important Inequalities in Hilbert Spaces and Some about Semi-Group Theory}{Appendix.a.A}% 24
\BOOKMARK [2][-]{subsection.a.A.1.1}{The Cauchy-Schwarz inequality}{section.a.A.1}% 25
\BOOKMARK [2][-]{subsection.a.A.1.2}{The Poincar\351 Inequality}{section.a.A.1}% 26
\BOOKMARK [1][-]{section.a.A.2}{Distributions \(or generalized functions\) Theory}{Appendix.a.A}% 27
\BOOKMARK [0][-]{Appendix.a.B}{Elements of Probability}{}% 28
